2023-04-27 00:58:38,000 - INFO    - keyword:不公平地
2023-04-27 00:58:38,025 - INFO    - keyword:标普
2023-04-27 00:58:38,026 - INFO    - keyword:轮动
2023-04-27 00:58:38,027 - INFO    - keyword:指数
2023-04-27 00:58:38,027 - INFO    - keyword:涨幅
2023-04-27 00:58:38,028 - INFO    - keyword:大通
2023-04-27 00:58:38,028 - INFO    - keyword:摩根
2023-04-27 00:58:38,028 - INFO    - keyword:人工智能
2023-04-27 00:58:38,029 - INFO    - keyword:降息
2023-04-27 00:58:38,029 - INFO    - keyword:成分股
2023-04-27 00:58:38,030 - INFO    - keyword:热潮
2023-04-27 00:58:38,044 - INFO    - keyword:内幕
2023-04-27 00:58:38,044 - INFO    - keyword:检察官
2023-04-27 00:58:38,045 - INFO    - keyword:交易
2023-04-27 00:58:38,045 - INFO    - keyword:律师
2023-04-27 00:58:38,048 - INFO    - keyword:指控
2023-04-27 00:58:38,048 - INFO    - keyword:信息
2023-04-27 00:58:38,049 - INFO    - keyword:资产
2023-04-27 00:58:38,049 - INFO    - keyword:创作者
2023-04-27 00:58:38,050 - INFO    - keyword:曼哈顿
2023-04-27 00:58:38,050 - INFO    - keyword:数字
2023-04-27 00:58:38,072 - INFO    - keyword:市场
2023-04-27 00:58:38,073 - INFO    - keyword:指数
2023-04-27 00:58:38,073 - INFO    - keyword:标普
2023-04-27 00:58:38,073 - INFO    - keyword:力量
2023-04-27 00:58:38,074 - INFO    - keyword:警告
2023-04-27 00:58:38,074 - INFO    - keyword:基金
2023-04-27 00:58:38,074 - INFO    - keyword:策略师
2023-04-27 00:58:38,075 - INFO    - keyword:卖家
2023-04-27 00:58:38,075 - INFO    - keyword:波动
2023-04-27 00:58:38,075 - INFO    - keyword:危机
2023-04-27 00:58:38,089 - INFO    - keyword:号码
2023-04-27 00:58:38,089 - INFO    - keyword:三区
2023-04-27 00:58:38,090 - INFO    - keyword:走势
2023-04-27 00:58:38,090 - INFO    - keyword:蓝球
2023-04-27 00:58:38,090 - INFO    - keyword:预计
2023-04-27 00:58:38,091 - INFO    - keyword:财叔
2023-04-27 00:58:38,091 - INFO    - keyword:双色球
2023-04-27 00:58:38,091 - INFO    - keyword:复式
2023-04-27 00:58:38,092 - INFO    - keyword:短期内
2023-04-27 00:58:38,092 - INFO    - keyword:奖号
2023-04-27 00:58:38,095 - INFO    - keyword:修订案
2023-04-27 00:58:38,096 - INFO    - keyword:期货交易
2023-04-27 00:58:38,096 - INFO    - keyword:公告
2023-04-27 00:58:38,097 - INFO    - keyword:办法
2023-04-27 00:58:38,097 - INFO    - keyword:管理
2023-04-27 00:58:38,097 - INFO    - keyword:理事会
2023-04-27 00:58:38,098 - INFO    - keyword:报告
2023-04-27 00:58:38,098 - INFO    - keyword:会议
2023-04-27 00:58:38,102 - INFO    - keyword:宠剧
2023-04-27 00:58:38,102 - INFO    - keyword:电视剧
2023-04-27 00:58:38,103 - INFO    - keyword:现实主义
2023-04-27 00:58:38,103 - INFO    - keyword:责编
2023-04-27 00:58:38,103 - INFO    - keyword:仙侠
2023-04-27 00:58:38,104 - INFO    - keyword:人世间
2023-04-27 00:58:38,104 - INFO    - keyword:热门
2023-04-27 00:58:38,105 - INFO    - keyword:娱乐
2023-04-27 00:58:38,105 - INFO    - keyword:新闻
2023-04-27 00:58:38,105 - INFO    - keyword:类型
2023-04-27 00:58:38,113 - INFO    - keyword:弹药
2023-04-27 00:58:38,113 - INFO    - keyword:欧元
2023-04-27 00:58:38,114 - INFO    - keyword:法国
2023-04-27 00:58:38,114 - INFO    - keyword:补偿
2023-04-27 00:58:38,115 - INFO    - keyword:消息人士
2023-04-27 00:58:38,115 - INFO    - keyword:成员国
2023-04-27 00:58:38,115 - INFO    - keyword:波兰
2023-04-27 00:58:38,116 - INFO    - keyword:外交官
2023-04-27 00:58:38,116 - INFO    - keyword:供应
2023-04-27 00:58:38,116 - INFO    - keyword:基辅
2023-04-27 00:58:38,147 - INFO    - keyword:宣传片
2023-04-27 00:58:38,147 - INFO    - keyword:海军
2023-04-27 00:58:38,148 - INFO    - keyword:航母
2023-04-27 00:58:38,148 - INFO    - keyword:蛟龙
2023-04-27 00:58:38,149 - INFO    - keyword:彩蛋
2023-04-27 00:58:38,149 - INFO    - keyword:编队
2023-04-27 00:58:38,150 - INFO    - keyword:山东
2023-04-27 00:58:38,151 - INFO    - keyword:力量
2023-04-27 00:58:38,166 - INFO    - keyword:投票
2023-04-27 00:58:38,167 - INFO    - keyword:总统
2023-04-27 00:58:38,167 - INFO    - keyword:美国
2023-04-27 00:58:38,167 - INFO    - keyword:国会山
2023-04-27 00:58:38,168 - INFO    - keyword:埃隆
2023-04-27 00:58:38,168 - INFO    - keyword:交朋友
2023-04-27 00:58:38,168 - INFO    - keyword:政府
2023-04-27 00:58:38,169 - INFO    - keyword:价值观
2023-04-27 00:58:38,169 - INFO    - keyword:补贴
2023-04-27 00:58:38,169 - INFO    - keyword:公司
2023-04-27 00:58:38,216 - INFO    - keyword:挑战
2023-04-27 00:58:38,216 - INFO    - keyword:卫视
2023-04-27 00:58:38,217 - INFO    - keyword:综艺
2023-04-27 00:58:38,218 - INFO    - keyword:节目
2023-04-27 00:58:38,218 - INFO    - keyword:观众
2023-04-27 00:58:38,218 - INFO    - keyword:精神
2023-04-27 00:58:38,219 - INFO    - keyword:黄景
2023-04-27 00:58:38,219 - INFO    - keyword:时代
2023-04-27 00:58:38,219 - INFO    - keyword:嘉宾
2023-04-27 00:58:38,220 - INFO    - keyword:社会
2023-04-27 00:58:38,230 - INFO    - keyword:车手
2023-04-27 00:58:38,231 - INFO    - keyword:网红
2023-04-27 00:58:38,231 - INFO    - keyword:赛道
2023-04-27 00:58:38,232 - INFO    - keyword:车祸
2023-04-27 00:58:38,232 - INFO    - keyword:目击者
2023-04-27 00:58:38,232 - INFO    - keyword:车速
2023-04-27 00:58:38,233 - INFO    - keyword:视频
2023-04-27 00:58:38,233 - INFO    - keyword:比赛
2023-04-27 00:58:38,234 - INFO    - keyword:车辆
2023-04-27 00:58:38,234 - INFO    - keyword:尾速
2023-04-27 00:58:38,239 - INFO    - keyword:高油价
2023-04-27 00:58:38,240 - INFO    - keyword:联社
2023-04-27 00:58:38,240 - INFO    - keyword:油价
2023-04-27 00:58:38,241 - INFO    - keyword:能源
2023-04-27 00:58:38,241 - INFO    - keyword:全球
2023-04-27 00:58:38,242 - INFO    - keyword:国际
2023-04-27 00:58:38,242 - INFO    - keyword:经济
2023-04-27 00:58:38,267 - INFO    - keyword:红球
2023-04-27 00:58:38,268 - INFO    - keyword:蓝球
2023-04-27 00:58:38,268 - INFO    - keyword:号码
2023-04-27 00:58:38,269 - INFO    - keyword:双色球
2023-04-27 00:58:38,269 - INFO    - keyword:质数
2023-04-27 00:58:38,270 - INFO    - keyword:质号
2023-04-27 00:58:38,270 - INFO    - keyword:高位
2023-04-27 00:58:38,271 - INFO    - keyword:低位
2023-04-27 00:58:38,271 - INFO    - keyword:卜算子
2023-04-27 00:58:38,272 - INFO    - keyword:期奖号
2023-04-27 00:58:38,278 - INFO    - keyword:软件
2023-04-27 00:58:38,278 - INFO    - keyword:反垄断
2023-04-27 00:58:38,279 - INFO    - keyword:竞争对手
2023-04-27 00:58:38,279 - INFO    - keyword:调查
2023-04-27 00:58:38,279 - INFO    - keyword:客户
2023-04-27 00:58:38,280 - INFO    - keyword:解决方案
2023-04-27 00:58:38,280 - INFO    - keyword:交易
2023-04-27 00:58:38,280 - INFO    - keyword:动视
2023-04-27 00:58:38,281 - INFO    - keyword:销售
2023-04-27 00:58:38,306 - INFO    - keyword:日本
2023-04-27 00:58:38,306 - INFO    - keyword:方案
2023-04-27 00:58:38,307 - INFO    - keyword:人物
2023-04-27 00:58:38,307 - INFO    - keyword:呼声
2023-04-27 00:58:38,307 - INFO    - keyword:公明党
2023-04-27 00:58:38,308 - INFO    - keyword:宣传车
2023-04-27 00:58:38,308 - INFO    - keyword:检查
2023-04-27 00:58:38,309 - INFO    - keyword:政调
2023-04-27 00:58:38,309 - INFO    - keyword:世田
2023-04-27 00:58:38,310 - INFO    - keyword:谷区
2023-04-27 00:58:38,322 - INFO    - keyword:苹果
2023-04-27 00:58:38,322 - INFO    - keyword:堡垒
2023-04-27 00:58:38,323 - INFO    - keyword:法院
2023-04-27 00:58:38,323 - INFO    - keyword:营收
2023-04-27 00:58:38,324 - INFO    - keyword:游戏
2023-04-27 00:58:38,324 - INFO    - keyword:佣金
2023-04-27 00:58:38,325 - INFO    - keyword:联邦
2023-04-27 00:58:38,325 - INFO    - keyword:反垄断法
2023-04-27 00:58:38,326 - INFO    - keyword:苹果公司
2023-04-27 00:58:38,337 - INFO    - keyword:威胁
2023-04-27 00:58:38,338 - INFO    - keyword:冲刺
2023-04-27 00:58:38,338 - INFO    - keyword:美国
2023-04-27 00:58:38,338 - INFO    - keyword:国土
2023-04-27 00:58:38,339 - INFO    - keyword:中国
2023-04-27 00:58:38,339 - INFO    - keyword:基础设施
2023-04-27 00:58:38,339 - INFO    - keyword:安全部长
2023-04-27 00:58:38,340 - INFO    - keyword:马约
2023-04-27 00:58:38,340 - INFO    - keyword:关键
2023-04-27 00:58:38,340 - INFO    - keyword:亚历
2023-04-27 00:58:38,349 - INFO    - keyword:绝密文件
2023-04-27 00:58:38,350 - INFO    - keyword:五角大楼
2023-04-27 00:58:38,351 - INFO    - keyword:情报
2023-04-27 00:58:38,351 - INFO    - keyword:文件
2023-04-27 00:58:38,352 - INFO    - keyword:源头
2023-04-27 00:58:38,352 - INFO    - keyword:美国
2023-04-27 00:58:38,353 - INFO    - keyword:高度机密
2023-04-27 00:58:38,353 - INFO    - keyword:网络
2023-04-27 00:58:38,354 - INFO    - keyword:泄密者
2023-04-27 00:58:38,354 - INFO    - keyword:人员
2023-04-27 00:58:38,356 - INFO    - keyword:股息
2023-04-27 00:58:38,356 - INFO    - keyword:大唐
2023-04-27 00:58:38,357 - INFO    - keyword:环境
2023-04-27 00:58:38,357 - INFO    - keyword:发布公告
2023-04-27 00:58:38,358 - INFO    - keyword:人民币
2023-04-27 00:58:38,358 - INFO    - keyword:公司
2023-04-27 00:58:38,367 - INFO    - keyword:汽车
2023-04-27 00:58:38,368 - INFO    - keyword:电动汽车
2023-04-27 00:58:38,368 - INFO    - keyword:降价
2023-04-27 00:58:38,368 - INFO    - keyword:制造商
2023-04-27 00:58:38,369 - INFO    - keyword:售价
2023-04-27 00:58:38,369 - INFO    - keyword:轻型车
2023-04-27 00:58:38,370 - INFO    - keyword:美国
2023-04-27 00:58:38,370 - INFO    - keyword:价格战
2023-04-27 00:58:38,370 - INFO    - keyword:价格
2023-04-27 00:58:38,371 - INFO    - keyword:福特
2023-04-27 00:58:38,404 - INFO    - keyword:电影
2023-04-27 00:58:38,404 - INFO    - keyword:华鼎奖
2023-04-27 00:58:38,405 - INFO    - keyword:全球
2023-04-27 00:58:38,405 - INFO    - keyword:剧情片
2023-04-27 00:58:38,405 - INFO    - keyword:主角奖
2023-04-27 00:58:38,406 - INFO    - keyword:颁奖典礼
2023-04-27 00:58:38,406 - INFO    - keyword:洛杉矶
2023-04-27 00:58:38,407 - INFO    - keyword:文化交流
2023-04-27 00:58:38,407 - INFO    - keyword:议员
2023-04-27 00:58:38,407 - INFO    - keyword:中美
2023-04-27 00:58:38,418 - INFO    - keyword:中国
2023-04-27 00:58:38,418 - INFO    - keyword:美国
2023-04-27 00:58:38,418 - INFO    - keyword:行政命令
2023-04-27 00:58:38,419 - INFO    - keyword:政府
2023-04-27 00:58:38,419 - INFO    - keyword:经济
2023-04-27 00:58:38,420 - INFO    - keyword:关键
2023-04-27 00:58:38,420 - INFO    - keyword:香博
2023-04-27 00:58:38,420 - INFO    - keyword:反华
2023-04-27 00:58:38,421 - INFO    - keyword:走钢丝
2023-04-27 00:58:38,463 - INFO    - keyword:谍战剧
2023-04-27 00:58:38,463 - INFO    - keyword:谍战
2023-04-27 00:58:38,464 - INFO    - keyword:看点
2023-04-27 00:58:38,464 - INFO    - keyword:无间
2023-04-27 00:58:38,465 - INFO    - keyword:军统
2023-04-27 00:58:38,465 - INFO    - keyword:特工
2023-04-27 00:58:38,466 - INFO    - keyword:元素
2023-04-27 00:58:38,466 - INFO    - keyword:饰演
2023-04-27 00:58:38,467 - INFO    - keyword:观众
2023-04-27 00:58:38,467 - INFO    - keyword:剧情
2023-04-27 00:58:38,503 - INFO    - keyword:普京
2023-04-27 00:58:38,504 - INFO    - keyword:制裁
2023-04-27 00:58:38,504 - INFO    - keyword:俄罗斯
2023-04-27 00:58:38,504 - INFO    - keyword:卢甘斯克
2023-04-27 00:58:38,504 - INFO    - keyword:反攻
2023-04-27 00:58:38,505 - INFO    - keyword:俄方
2023-04-27 00:58:38,505 - INFO    - keyword:前线
2023-04-27 00:58:38,505 - INFO    - keyword:俄总统
2023-04-27 00:58:38,506 - INFO    - keyword:顿巴斯
2023-04-27 00:58:38,506 - INFO    - keyword:攻势
2023-04-27 00:58:38,509 - INFO    - keyword:开箱
2023-04-27 00:58:38,510 - INFO    - keyword:屏幕
2023-04-27 00:58:38,510 - INFO    - keyword:压感
2023-04-27 00:58:38,511 - INFO    - keyword:人群
2023-04-27 00:58:38,511 - INFO    - keyword:触控板
2023-04-27 00:58:38,511 - INFO    - keyword:功能定位
2023-04-27 00:58:38,512 - INFO    - keyword:旋钮
2023-04-27 00:58:38,512 - INFO    - keyword:英特尔
2023-04-27 00:58:38,512 - INFO    - keyword:阵营
2023-04-27 00:58:38,513 - INFO    - keyword:设计师
2023-04-27 00:58:38,539 - INFO    - keyword:号码
2023-04-27 00:58:38,544 - INFO    - keyword:跨度
2023-04-27 00:58:38,552 - INFO    - keyword:奖号
2023-04-27 00:58:38,565 - INFO    - keyword:走温
2023-04-27 00:58:38,568 - INFO    - keyword:分析
2023-04-27 00:58:38,578 - INFO    - keyword:落号
2023-04-27 00:58:38,578 - INFO    - keyword:振幅
2023-04-27 00:58:38,579 - INFO    - keyword:点位
2023-04-27 00:58:38,579 - INFO    - keyword:走势
2023-04-27 00:58:38,580 - INFO    - keyword:八码
2023-04-27 00:58:38,586 - INFO    - keyword:监听
2023-04-27 00:58:38,587 - INFO    - keyword:党首
2023-04-27 00:58:38,587 - INFO    - keyword:在野党
2023-04-27 00:58:38,588 - INFO    - keyword:韩国
2023-04-27 00:58:38,588 - INFO    - keyword:韩美
2023-04-27 00:58:38,588 - INFO    - keyword:美国
2023-04-27 00:58:38,589 - INFO    - keyword:外媒
2023-04-27 00:58:38,589 - INFO    - keyword:事件
2023-04-27 00:58:38,590 - INFO    - keyword:客观情况
2023-04-27 00:58:38,590 - INFO    - keyword:情报机构
2023-04-27 00:58:38,620 - INFO    - keyword:被害人
2023-04-27 00:58:38,620 - INFO    - keyword:被告人
2023-04-27 00:58:38,621 - INFO    - keyword:老父亲
2023-04-27 00:58:38,621 - INFO    - keyword:自理
2023-04-27 00:58:38,621 - INFO    - keyword:哈尔滨市
2023-04-27 00:58:38,622 - INFO    - keyword:义务
2023-04-27 00:58:38,622 - INFO    - keyword:生活
2023-04-27 00:58:38,623 - INFO    - keyword:砬子
2023-04-27 00:58:38,623 - INFO    - keyword:家庭成员
2023-04-27 00:58:38,623 - INFO    - keyword:刑法
2023-04-27 00:58:38,625 - INFO    - keyword:发布公告
2023-04-27 00:58:38,626 - INFO    - keyword:价格
2023-04-27 00:58:38,626 - INFO    - keyword:公司
2023-04-27 00:58:38,660 - INFO    - keyword:巴西
2023-04-27 00:58:38,661 - INFO    - keyword:美国
2023-04-27 00:58:38,661 - INFO    - keyword:俄罗斯
2023-04-27 00:58:38,662 - INFO    - keyword:墨西哥
2023-04-27 00:58:38,662 - INFO    - keyword:监听
2023-04-27 00:58:38,662 - INFO    - keyword:中国
2023-04-27 00:58:38,663 - INFO    - keyword:外长
2023-04-27 00:58:38,663 - INFO    - keyword:国家
2023-04-27 00:58:38,664 - INFO    - keyword:战争
2023-04-27 00:58:38,664 - INFO    - keyword:大国
2023-04-27 00:58:38,680 - INFO    - keyword:文件
2023-04-27 00:58:38,681 - INFO    - keyword:美国防
2023-04-27 00:58:38,681 - INFO    - keyword:机密文件
2023-04-27 00:58:38,682 - INFO    - keyword:事件
2023-04-27 00:58:38,682 - INFO    - keyword:美国
2023-04-27 00:58:38,683 - INFO    - keyword:调查
2023-04-27 00:58:38,683 - INFO    - keyword:机密
2023-04-27 00:58:38,684 - INFO    - keyword:情报
2023-04-27 00:58:38,685 - INFO    - keyword:首谈
2023-04-27 00:58:38,685 - INFO    - keyword:外媒
2023-04-27 00:58:38,713 - INFO    - keyword:四区
2023-04-27 00:58:38,714 - INFO    - keyword:奖号
2023-04-27 00:58:38,714 - INFO    - keyword:遗漏
2023-04-27 00:58:38,714 - INFO    - keyword:青峰
2023-04-27 00:58:38,715 - INFO    - keyword:三区
2023-04-27 00:58:38,715 - INFO    - keyword:分析
2023-04-27 00:58:38,715 - INFO    - keyword:总值
2023-04-27 00:58:38,716 - INFO    - keyword:期奖号
2023-04-27 00:58:38,717 - INFO    - keyword:小号
2023-04-27 00:58:38,718 - INFO    - keyword:复式
2023-04-27 00:58:38,724 - INFO    - keyword:瑞士
2023-04-27 00:58:38,724 - INFO    - keyword:危机
2023-04-27 00:58:38,725 - INFO    - keyword:信贷
2023-04-27 00:58:38,725 - INFO    - keyword:银行
2023-04-27 00:58:38,725 - INFO    - keyword:机构
2023-04-27 00:58:38,726 - INFO    - keyword:监管
2023-04-27 00:58:38,726 - INFO    - keyword:评分
2023-04-27 00:58:38,727 - INFO    - keyword:重要性
2023-04-27 00:58:38,727 - INFO    - keyword:声明
2023-04-27 00:58:38,756 - INFO    - keyword:调休
2023-04-27 00:58:38,756 - INFO    - keyword:法定
2023-04-27 00:58:38,757 - INFO    - keyword:社会
2023-04-27 00:58:38,757 - INFO    - keyword:拼凑出
2023-04-27 00:58:38,757 - INFO    - keyword:话题
2023-04-27 00:58:38,758 - INFO    - keyword:带薪休假
2023-04-27 00:58:38,758 - INFO    - keyword:声音
2023-04-27 00:58:38,759 - INFO    - keyword:出游
2023-04-27 00:58:38,759 - INFO    - keyword:方案
2023-04-27 00:58:38,759 - INFO    - keyword:弊端
2023-04-27 00:58:38,761 - INFO    - keyword:华电
2023-04-27 00:58:38,761 - INFO    - keyword:电力
2023-04-27 00:58:38,762 - INFO    - keyword:票据
2023-04-27 00:58:38,762 - INFO    - keyword:股份
2023-04-27 00:58:38,762 - INFO    - keyword:国际
2023-04-27 00:58:38,763 - INFO    - keyword:债券
2023-04-27 00:58:38,763 - INFO    - keyword:人民币
2023-04-27 00:58:38,763 - INFO    - keyword:公司
2023-04-27 00:58:38,764 - INFO    - keyword:流动资金
2023-04-27 00:58:38,775 - INFO    - keyword:测序
2023-04-27 00:58:38,776 - INFO    - keyword:华大
2023-04-27 00:58:38,777 - INFO    - keyword:智造
2023-04-27 00:58:38,777 - INFO    - keyword:基因
2023-04-27 00:58:38,778 - INFO    - keyword:公司
2023-04-27 00:58:38,778 - INFO    - keyword:费用
2023-04-27 00:58:38,778 - INFO    - keyword:高通量
2023-04-27 00:58:38,779 - INFO    - keyword:财报
2023-04-27 00:58:38,779 - INFO    - keyword:成本
2023-04-27 00:58:38,781 - INFO    - keyword:朝鲜
2023-04-27 00:58:38,781 - INFO    - keyword:宇宙
2023-04-27 00:58:38,782 - INFO    - keyword:总台
2023-04-27 00:58:38,782 - INFO    - keyword:国务委员
2023-04-27 00:58:38,782 - INFO    - keyword:按计划
2023-04-27 00:58:38,783 - INFO    - keyword:总书记
2023-04-27 00:58:38,783 - INFO    - keyword:国家
2023-04-27 00:58:38,784 - INFO    - keyword:军事
2023-04-27 00:58:38,784 - INFO    - keyword:记者
2023-04-27 00:58:38,798 - INFO    - keyword:环球网
2023-04-27 00:58:38,798 - INFO    - keyword:媒体
2023-04-27 00:58:38,799 - INFO    - keyword:节目
2023-04-27 00:58:38,799 - INFO    - keyword:家主
2023-04-27 00:58:38,800 - INFO    - keyword:美国
2023-04-27 00:58:38,800 - INFO    - keyword:观众
2023-04-27 00:58:38,801 - INFO    - keyword:市值
2023-04-27 00:58:38,801 - INFO    - keyword:原告方
2023-04-27 00:58:38,802 - INFO    - keyword:新闻
2023-04-27 00:58:38,809 - INFO    - keyword:文件
2023-04-27 00:58:38,810 - INFO    - keyword:美国
2023-04-27 00:58:38,810 - INFO    - keyword:泄密者
2023-04-27 00:58:38,811 - INFO    - keyword:官员
2023-04-27 00:58:38,811 - INFO    - keyword:路透社
2023-04-27 00:58:38,812 - INFO    - keyword:机密
2023-04-27 00:58:38,812 - INFO    - keyword:外媒
2023-04-27 00:58:38,812 - INFO    - keyword:涉多国
2023-04-27 00:58:38,813 - INFO    - keyword:情报
2023-04-27 00:58:38,813 - INFO    - keyword:高官
2023-04-27 00:58:38,865 - INFO    - keyword:丘北县
2023-04-27 00:58:38,866 - INFO    - keyword:县委
2023-04-27 00:58:38,866 - INFO    - keyword:脚垫
2023-04-27 00:58:38,867 - INFO    - keyword:家风
2023-04-27 00:58:38,867 - INFO    - keyword:违纪
2023-04-27 00:58:38,868 - INFO    - keyword:违法
2023-04-27 00:58:38,868 - INFO    - keyword:广南
2023-04-27 00:58:38,869 - INFO    - keyword:政法委
2023-04-27 00:58:38,869 - INFO    - keyword:副县长
2023-04-27 00:58:38,870 - INFO    - keyword:夫妻
2023-04-27 00:58:38,906 - INFO    - keyword:尾数
2023-04-27 00:58:38,906 - INFO    - keyword:号码
2023-04-27 00:58:38,907 - INFO    - keyword:奖号
2023-04-27 00:58:38,908 - INFO    - keyword:期奖号
2023-04-27 00:58:38,908 - INFO    - keyword:沧海
2023-04-27 00:58:38,909 - INFO    - keyword:活跃
2023-04-27 00:58:38,909 - INFO    - keyword:分析
2023-04-27 00:58:38,909 - INFO    - keyword:轮空
2023-04-27 00:58:38,910 - INFO    - keyword:历史
2023-04-27 00:58:38,946 - INFO    - keyword:舞社
2023-04-27 00:58:38,947 - INFO    - keyword:街舞
2023-04-27 00:58:38,947 - INFO    - keyword:厂牌
2023-04-27 00:58:38,947 - INFO    - keyword:节目
2023-04-27 00:58:38,948 - INFO    - keyword:主理
2023-04-27 00:58:38,948 - INFO    - keyword:总导演
2023-04-27 00:58:38,948 - INFO    - keyword:高校
2023-04-27 00:58:38,949 - INFO    - keyword:看片会
2023-04-27 00:58:38,949 - INFO    - keyword:赛制
2023-04-27 00:58:38,949 - INFO    - keyword:舞者
2023-04-27 00:58:38,958 - INFO    - keyword:火币
2023-04-27 00:58:38,959 - INFO    - keyword:加密
2023-04-27 00:58:38,959 - INFO    - keyword:香港
2023-04-27 00:58:38,959 - INFO    - keyword:代币
2023-04-27 00:58:38,960 - INFO    - keyword:货币
2023-04-27 00:58:38,960 - INFO    - keyword:办事处
2023-04-27 00:58:38,960 - INFO    - keyword:计划
2023-04-27 00:58:38,961 - INFO    - keyword:波场
2023-04-27 00:58:38,961 - INFO    - keyword:创办人
2023-04-27 00:58:38,990 - INFO    - keyword:常州
2023-04-27 00:58:38,991 - INFO    - keyword:文旅
2023-04-27 00:58:38,991 - INFO    - keyword:常州市
2023-04-27 00:58:38,992 - INFO    - keyword:高叶
2023-04-27 00:58:38,992 - INFO    - keyword:中学
2023-04-27 00:58:38,993 - INFO    - keyword:江苏
2023-04-27 00:58:38,993 - INFO    - keyword:女演员
2023-04-27 00:58:38,993 - INFO    - keyword:大会
2023-04-27 00:58:38,994 - INFO    - keyword:大使
2023-04-27 00:58:38,994 - INFO    - keyword:演员
2023-04-27 00:58:39,001 - INFO    - keyword:散户
2023-04-27 00:58:39,001 - INFO    - keyword:日本
2023-04-27 00:58:39,002 - INFO    - keyword:股市
2023-04-27 00:58:39,002 - INFO    - keyword:投资者
2023-04-27 00:58:39,002 - INFO    - keyword:指数
2023-04-27 00:58:39,003 - INFO    - keyword:股数
2023-04-27 00:58:39,003 - INFO    - keyword:股神
2023-04-27 00:58:39,003 - INFO    - keyword:松井
2023-04-27 00:58:39,004 - INFO    - keyword:撤资
2023-04-27 00:58:39,023 - INFO    - keyword:模型
2023-04-27 00:58:39,023 - INFO    - keyword:字节
2023-04-27 00:58:39,024 - INFO    - keyword:跳动
2023-04-27 00:58:39,024 - INFO    - keyword:挖角
2023-04-27 00:58:39,025 - INFO    - keyword:引擎
2023-04-27 00:58:39,025 - INFO    - keyword:火山
2023-04-27 00:58:39,026 - INFO    - keyword:人工智能
2023-04-27 00:58:39,026 - INFO    - keyword:算力
2023-04-27 00:58:39,027 - INFO    - keyword:通义
2023-04-27 00:58:39,027 - INFO    - keyword:公司
2023-04-27 00:58:39,035 - INFO    - keyword:俄勒冈州
2023-04-27 00:58:39,036 - INFO    - keyword:枪支
2023-04-27 00:58:39,036 - INFO    - keyword:暴力
2023-04-27 00:58:39,037 - INFO    - keyword:毒品
2023-04-27 00:58:39,037 - INFO    - keyword:精神疾病
2023-04-27 00:58:39,037 - INFO    - keyword:犯罪
2023-04-27 00:58:39,037 - INFO    - keyword:美国
2023-04-27 00:58:39,038 - INFO    - keyword:政府
2023-04-27 00:58:39,038 - INFO    - keyword:俄勒冈
2023-04-27 00:58:39,064 - INFO    - keyword:坦克
2023-04-27 00:58:39,065 - INFO    - keyword:炮塔
2023-04-27 00:58:39,065 - INFO    - keyword:训练
2023-04-27 00:58:39,065 - INFO    - keyword:波兰
2023-04-27 00:58:39,065 - INFO    - keyword:欧亚
2023-04-27 00:58:39,066 - INFO    - keyword:时报
2023-04-27 00:58:39,066 - INFO    - keyword:反攻
2023-04-27 00:58:39,067 - INFO    - keyword:基辅
2023-04-27 00:58:39,067 - INFO    - keyword:驾驶员
2023-04-27 00:58:39,068 - INFO    - keyword:德国
2023-04-27 00:58:39,092 - INFO    - keyword:华鼎奖
2023-04-27 00:58:39,092 - INFO    - keyword:电影
2023-04-27 00:58:39,092 - INFO    - keyword:颁奖典礼
2023-04-27 00:58:39,093 - INFO    - keyword:全球
2023-04-27 00:58:39,093 - INFO    - keyword:成就奖
2023-04-27 00:58:39,093 - INFO    - keyword:制片人
2023-04-27 00:58:39,093 - INFO    - keyword:剧情片
2023-04-27 00:58:39,094 - INFO    - keyword:观众
2023-04-27 00:58:39,094 - INFO    - keyword:主角奖
2023-04-27 00:58:39,094 - INFO    - keyword:团队
2023-04-27 00:58:39,120 - INFO    - keyword:重号
2023-04-27 00:58:39,120 - INFO    - keyword:奖号
2023-04-27 00:58:39,121 - INFO    - keyword:复式
2023-04-27 00:58:39,121 - INFO    - keyword:奇偶比
2023-04-27 00:58:39,121 - INFO    - keyword:期奖号
2023-04-27 00:58:39,121 - INFO    - keyword:奇偶
2023-04-27 00:58:39,122 - INFO    - keyword:走势
2023-04-27 00:58:39,122 - INFO    - keyword:号码
2023-04-27 00:58:39,122 - INFO    - keyword:分析
2023-04-27 00:58:39,123 - INFO    - keyword:开奖
2023-04-27 00:58:39,128 - INFO    - keyword:比赛
2023-04-27 00:58:39,128 - INFO    - keyword:社媒
2023-04-27 00:58:39,128 - INFO    - keyword:常规赛
2023-04-27 00:58:39,129 - INFO    - keyword:运球
2023-04-27 00:58:39,129 - INFO    - keyword:泡影
2023-04-27 00:58:39,129 - INFO    - keyword:伤病
2023-04-27 00:58:39,130 - INFO    - keyword:罚单
2023-04-27 00:58:39,130 - INFO    - keyword:内线
2023-04-27 00:58:39,130 - INFO    - keyword:京报
2023-04-27 00:58:39,154 - INFO    - keyword:奖号
2023-04-27 00:58:39,154 - INFO    - keyword:期奖号
2023-04-27 00:58:39,155 - INFO    - keyword:跨度
2023-04-27 00:58:39,155 - INFO    - keyword:奇偶比
2023-04-27 00:58:39,155 - INFO    - keyword:复式
2023-04-27 00:58:39,156 - INFO    - keyword:分析
2023-04-27 00:58:39,156 - INFO    - keyword:偶数
2023-04-27 00:58:39,157 - INFO    - keyword:奇数
2023-04-27 00:58:39,157 - INFO    - keyword:豹子头
2023-04-27 00:58:39,157 - INFO    - keyword:号码
2023-04-27 00:58:39,177 - INFO    - keyword:乡村
2023-04-27 00:58:39,178 - INFO    - keyword:综艺
2023-04-27 00:58:39,178 - INFO    - keyword:生活
2023-04-27 00:58:39,178 - INFO    - keyword:现代人
2023-04-27 00:58:39,179 - INFO    - keyword:农村
2023-04-27 00:58:39,179 - INFO    - keyword:心灵
2023-04-27 00:58:39,179 - INFO    - keyword:记忆
2023-04-27 00:58:39,180 - INFO    - keyword:都市
2023-04-27 00:58:39,180 - INFO    - keyword:国人
2023-04-27 00:58:39,180 - INFO    - keyword:魅力
2023-04-27 00:58:39,191 - INFO    - keyword:芝加哥
2023-04-27 00:58:39,191 - INFO    - keyword:暴力
2023-04-27 00:58:39,192 - INFO    - keyword:频道
2023-04-27 00:58:39,192 - INFO    - keyword:警方
2023-04-27 00:58:39,192 - INFO    - keyword:芝加哥市
2023-04-27 00:58:39,193 - INFO    - keyword:事件
2023-04-27 00:58:39,193 - INFO    - keyword:枪击案
2023-04-27 00:58:39,193 - INFO    - keyword:南区
2023-04-27 00:58:39,194 - INFO    - keyword:后座
2023-04-27 00:58:39,194 - INFO    - keyword:口角
2023-04-27 00:58:39,204 - INFO    - keyword:埃及
2023-04-27 00:58:39,204 - INFO    - keyword:抗议
2023-04-27 00:58:39,205 - INFO    - keyword:黑人
2023-04-27 00:58:39,205 - INFO    - keyword:网民
2023-04-27 00:58:39,205 - INFO    - keyword:纪录片
2023-04-27 00:58:39,206 - INFO    - keyword:平台
2023-04-27 00:58:39,206 - INFO    - keyword:希腊
2023-04-27 00:58:39,206 - INFO    - keyword:白人
2023-04-27 00:58:39,207 - INFO    - keyword:历史
2023-04-27 00:58:39,207 - INFO    - keyword:倡议者
2023-04-27 00:58:39,238 - INFO    - keyword:银行
2023-04-27 00:58:39,239 - INFO    - keyword:美国
2023-04-27 00:58:39,239 - INFO    - keyword:股份
2023-04-27 00:58:39,239 - INFO    - keyword:优先股
2023-04-27 00:58:39,240 - INFO    - keyword:危机
2023-04-27 00:58:39,240 - INFO    - keyword:投资
2023-04-27 00:58:39,240 - INFO    - keyword:银行业
2023-04-27 00:58:39,241 - INFO    - keyword:政府
2023-04-27 00:58:39,241 - INFO    - keyword:创纪录
2023-04-27 00:58:39,241 - INFO    - keyword:飞机
2023-04-27 00:58:39,258 - INFO    - keyword:财报
2023-04-27 00:58:39,258 - INFO    - keyword:公司
2023-04-27 00:58:39,259 - INFO    - keyword:裁员
2023-04-27 00:58:39,259 - INFO    - keyword:利润
2023-04-27 00:58:39,259 - INFO    - keyword:分析师
2023-04-27 00:58:39,259 - INFO    - keyword:科技
2023-04-27 00:58:39,260 - INFO    - keyword:电话会议
2023-04-27 00:58:39,260 - INFO    - keyword:预计
2023-04-27 00:58:39,261 - INFO    - keyword:人工智能
2023-04-27 00:58:39,261 - INFO    - keyword:机器人
2023-04-27 00:58:39,270 - INFO    - keyword:男装
2023-04-27 00:58:39,271 - INFO    - keyword:红豆
2023-04-27 00:58:39,271 - INFO    - keyword:产品
2023-04-27 00:58:39,271 - INFO    - keyword:股份
2023-04-27 00:58:39,272 - INFO    - keyword:净利润
2023-04-27 00:58:39,272 - INFO    - keyword:营收
2023-04-27 00:58:39,272 - INFO    - keyword:渠道
2023-04-27 00:58:39,273 - INFO    - keyword:整体
2023-04-27 00:58:39,273 - INFO    - keyword:毛利率
2023-04-27 00:58:39,273 - INFO    - keyword:营销
2023-04-27 00:58:39,301 - INFO    - keyword:航母
2023-04-27 00:58:39,302 - INFO    - keyword:编队
2023-04-27 00:58:39,302 - INFO    - keyword:训练
2023-04-27 00:58:39,303 - INFO    - keyword:远海
2023-04-27 00:58:39,303 - INFO    - keyword:山东
2023-04-27 00:58:39,303 - INFO    - keyword:岛链
2023-04-27 00:58:39,303 - INFO    - keyword:辽宁
2023-04-27 00:58:39,304 - INFO    - keyword:大洋
2023-04-27 00:58:39,304 - INFO    - keyword:西太平洋
2023-04-27 00:58:39,304 - INFO    - keyword:外媒
2023-04-27 00:58:39,325 - INFO    - keyword:凤尾
2023-04-27 00:58:39,325 - INFO    - keyword:号码
2023-04-27 00:58:39,326 - INFO    - keyword:龙头
2023-04-27 00:58:39,326 - INFO    - keyword:路奖
2023-04-27 00:58:39,326 - INFO    - keyword:分析
2023-04-27 00:58:39,326 - INFO    - keyword:奖号
2023-04-27 00:58:39,327 - INFO    - keyword:期奖号
2023-04-27 00:58:39,327 - INFO    - keyword:开奖
2023-04-27 00:58:39,327 - INFO    - keyword:走势
2023-04-27 00:58:39,328 - INFO    - keyword:理论
2023-04-27 00:58:39,335 - INFO    - keyword:现代化
2023-04-27 00:58:39,335 - INFO    - keyword:中国式
2023-04-27 00:58:39,336 - INFO    - keyword:世界
2023-04-27 00:58:39,336 - INFO    - keyword:路径
2023-04-27 00:58:39,336 - INFO    - keyword:毛主席
2023-04-27 00:58:39,336 - INFO    - keyword:论坛
2023-04-27 00:58:39,337 - INFO    - keyword:卜算子
2023-04-27 00:58:39,337 - INFO    - keyword:咏梅
2023-04-27 00:58:39,337 - INFO    - keyword:蓝厅
2023-04-27 00:58:39,341 - INFO    - keyword:实验室
2023-04-27 00:58:39,341 - INFO    - keyword:旗舰
2023-04-27 00:58:39,341 - INFO    - keyword:高端
2023-04-27 00:58:39,342 - INFO    - keyword:机柜
2023-04-27 00:58:39,342 - INFO    - keyword:手机
2023-04-27 00:58:39,342 - INFO    - keyword:深圳
2023-04-27 00:58:39,343 - INFO    - keyword:计算能力
2023-04-27 00:58:39,343 - INFO    - keyword:鹰眼
2023-04-27 00:58:39,343 - INFO    - keyword:基础
2023-04-27 00:58:39,344 - INFO    - keyword:研究
2023-04-27 00:58:39,352 - INFO    - keyword:国防
2023-04-27 00:58:39,352 - INFO    - keyword:太阳节
2023-04-27 00:58:39,353 - INFO    - keyword:内阁
2023-04-27 00:58:39,353 - INFO    - keyword:朝鲜
2023-04-27 00:58:39,353 - INFO    - keyword:职员
2023-04-27 00:58:39,353 - INFO    - keyword:省队
2023-04-27 00:58:39,354 - INFO    - keyword:体育比赛
2023-04-27 00:58:39,354 - INFO    - keyword:足球比赛
2023-04-27 00:58:39,354 - INFO    - keyword:比赛
2023-04-27 00:58:39,355 - INFO    - keyword:环球网
2023-04-27 00:58:39,370 - INFO    - keyword:遗漏
2023-04-27 00:58:39,371 - INFO    - keyword:号码
2023-04-27 00:58:39,371 - INFO    - keyword:期奖号
2023-04-27 00:58:39,372 - INFO    - keyword:黑天鹅
2023-04-27 00:58:39,372 - INFO    - keyword:偶数
2023-04-27 00:58:39,372 - INFO    - keyword:奖号
2023-04-27 00:58:39,373 - INFO    - keyword:奇偶比
2023-04-27 00:58:39,373 - INFO    - keyword:两码
2023-04-27 00:58:39,373 - INFO    - keyword:扫码
2023-04-27 00:58:39,374 - INFO    - keyword:中过
2023-04-27 00:58:39,407 - INFO    - keyword:民主
2023-04-27 00:58:39,407 - INFO    - keyword:调研
2023-04-27 00:58:39,407 - INFO    - keyword:全过程
2023-04-27 00:58:39,408 - INFO    - keyword:联系点
2023-04-27 00:58:39,408 - INFO    - keyword:副委员长
2023-04-27 00:58:39,408 - INFO    - keyword:基层
2023-04-27 00:58:39,409 - INFO    - keyword:虹桥
2023-04-27 00:58:39,409 - INFO    - keyword:街道
2023-04-27 00:58:39,410 - INFO    - keyword:调研组
2023-04-27 00:58:39,417 - INFO    - keyword:损失
2023-04-27 00:58:39,417 - INFO    - keyword:守军
2023-04-27 00:58:39,418 - INFO    - keyword:波兰
2023-04-27 00:58:39,418 - INFO    - keyword:局势
2023-04-27 00:58:39,418 - INFO    - keyword:冲突
2023-04-27 00:58:39,419 - INFO    - keyword:俄罗斯
2023-04-27 00:58:39,419 - INFO    - keyword:总统
2023-04-27 00:58:39,419 - INFO    - keyword:时间
2023-04-27 00:58:39,420 - INFO    - keyword:可能性
2023-04-27 00:58:39,420 - INFO    - keyword:会面时
2023-04-27 00:58:39,434 - INFO    - keyword:奇数
2023-04-27 00:58:39,434 - INFO    - keyword:小号
2023-04-27 00:58:39,434 - INFO    - keyword:偶数
2023-04-27 00:58:39,435 - INFO    - keyword:奖号
2023-04-27 00:58:39,435 - INFO    - keyword:号码
2023-04-27 00:58:39,435 - INFO    - keyword:复式
2023-04-27 00:58:39,436 - INFO    - keyword:开奖
2023-04-27 00:58:39,436 - INFO    - keyword:出号
2023-04-27 00:58:39,437 - INFO    - keyword:奇偶比
2023-04-27 00:58:39,437 - INFO    - keyword:选单
2023-04-27 00:58:39,455 - INFO    - keyword:挑战
2023-04-27 00:58:39,456 - INFO    - keyword:观众
2023-04-27 00:58:39,456 - INFO    - keyword:海报
2023-04-27 00:58:39,456 - INFO    - keyword:节目
2023-04-27 00:58:39,457 - INFO    - keyword:生活
2023-04-27 00:58:39,457 - INFO    - keyword:飞艇
2023-04-27 00:58:39,457 - INFO    - keyword:综艺
2023-04-27 00:58:39,458 - INFO    - keyword:男团
2023-04-27 00:58:39,458 - INFO    - keyword:季将
2023-04-27 00:58:39,458 - INFO    - keyword:大众
2023-04-27 00:58:39,471 - INFO    - keyword:银河系
2023-04-27 00:58:39,472 - INFO    - keyword:曲线
2023-04-27 00:58:39,472 - INFO    - keyword:距离
2023-04-27 00:58:39,472 - INFO    - keyword:质量
2023-04-27 00:58:39,473 - INFO    - keyword:速度
2023-04-27 00:58:39,473 - INFO    - keyword:体重
2023-04-27 00:58:39,473 - INFO    - keyword:暗物质
2023-04-27 00:58:39,474 - INFO    - keyword:精确测量
2023-04-27 00:58:39,474 - INFO    - keyword:测量
2023-04-27 00:58:39,475 - INFO    - keyword:恒星
2023-04-27 00:58:39,489 - INFO    - keyword:品牌
2023-04-27 00:58:39,489 - INFO    - keyword:杭州
2023-04-27 00:58:39,489 - INFO    - keyword:亡妻
2023-04-27 00:58:39,490 - INFO    - keyword:管理
2023-04-27 00:58:39,490 - INFO    - keyword:天眼
2023-04-27 00:58:39,490 - INFO    - keyword:关联
2023-04-27 00:58:39,491 - INFO    - keyword:清算组
2023-04-27 00:58:39,491 - INFO    - keyword:公司
2023-04-27 00:58:39,491 - INFO    - keyword:有限公司
2023-04-27 00:58:39,492 - INFO    - keyword:注册资本
2023-04-27 00:58:39,496 - INFO    - keyword:资本
2023-04-27 00:58:39,497 - INFO    - keyword:预测
2023-04-27 00:58:39,497 - INFO    - keyword:备案
2023-04-27 00:58:39,497 - INFO    - keyword:季度
2023-04-27 00:58:39,498 - INFO    - keyword:文件
2023-04-27 00:58:39,498 - INFO    - keyword:监管
2023-04-27 00:58:39,498 - INFO    - keyword:新闻
2023-04-27 00:58:39,499 - INFO    - keyword:科技
2023-04-27 00:58:39,499 - INFO    - keyword:消息
2023-04-27 00:58:39,544 - INFO    - keyword:木村
2023-04-27 00:58:39,544 - INFO    - keyword:日本
2023-04-27 00:58:39,544 - INFO    - keyword:爆炸物
2023-04-27 00:58:39,545 - INFO    - keyword:日本首相
2023-04-27 00:58:39,545 - INFO    - keyword:市议员
2023-04-27 00:58:39,545 - INFO    - keyword:教会
2023-04-27 00:58:39,546 - INFO    - keyword:三木
2023-04-27 00:58:39,546 - INFO    - keyword:行刺
2023-04-27 00:58:39,546 - INFO    - keyword:男子
2023-04-27 00:58:39,547 - INFO    - keyword:枪支
2023-04-27 00:58:39,565 - INFO    - keyword:酒店
2023-04-27 00:58:39,566 - INFO    - keyword:女性
2023-04-27 00:58:39,566 - INFO    - keyword:机票
2023-04-27 00:58:39,567 - INFO    - keyword:出游
2023-04-27 00:58:39,567 - INFO    - keyword:游客
2023-04-27 00:58:39,568 - INFO    - keyword:目的地
2023-04-27 00:58:39,568 - INFO    - keyword:数据
2023-04-27 00:58:39,568 - INFO    - keyword:携程
2023-04-27 00:58:39,568 - INFO    - keyword:下单
2023-04-27 00:58:39,569 - INFO    - keyword:疫情
2023-04-27 00:58:39,574 - INFO    - keyword:波兰
2023-04-27 00:58:39,574 - INFO    - keyword:战机
2023-04-27 00:58:39,575 - INFO    - keyword:总统
2023-04-27 00:58:39,575 - INFO    - keyword:北约
2023-04-27 00:58:39,575 - INFO    - keyword:交付给
2023-04-27 00:58:39,576 - INFO    - keyword:会面
2023-04-27 00:58:39,576 - INFO    - keyword:发布会
2023-04-27 00:58:39,576 - INFO    - keyword:新闻
2023-04-27 00:58:39,577 - INFO    - keyword:标准
2023-04-27 00:58:39,585 - INFO    - keyword:投票
2023-04-27 00:58:39,585 - INFO    - keyword:制作
2023-04-27 00:58:39,585 - INFO    - keyword:错误
2023-04-27 00:58:39,586 - INFO    - keyword:公平性
2023-04-27 00:58:39,586 - INFO    - keyword:事业部
2023-04-27 00:58:39,586 - INFO    - keyword:因涉嫌
2023-04-27 00:58:39,587 - INFO    - keyword:管理制度
2023-04-27 00:58:39,587 - INFO    - keyword:透明度
2023-04-27 00:58:39,587 - INFO    - keyword:经纪
2023-04-27 00:58:39,588 - INFO    - keyword:娱乐
2023-04-27 00:58:39,594 - INFO    - keyword:枪击案
2023-04-27 00:58:39,594 - INFO    - keyword:枪支
2023-04-27 00:58:39,595 - INFO    - keyword:美国
2023-04-27 00:58:39,595 - INFO    - keyword:事件
2023-04-27 00:58:39,595 - INFO    - keyword:暴力
2023-04-27 00:58:39,596 - INFO    - keyword:阿拉巴马州
2023-04-27 00:58:39,596 - INFO    - keyword:族裔
2023-04-27 00:58:39,596 - INFO    - keyword:肯塔基州
2023-04-27 00:58:39,596 - INFO    - keyword:太阳报
2023-04-27 00:58:39,606 - INFO    - keyword:发文
2023-04-27 00:58:39,606 - INFO    - keyword:工作人员
2023-04-27 00:58:39,606 - INFO    - keyword:责编
2023-04-27 00:58:39,607 - INFO    - keyword:台剧
2023-04-27 00:58:39,607 - INFO    - keyword:悸动
2023-04-27 00:58:39,608 - INFO    - keyword:社交
2023-04-27 00:58:39,608 - INFO    - keyword:共事
2023-04-27 00:58:39,608 - INFO    - keyword:旅途
2023-04-27 00:58:39,609 - INFO    - keyword:主演
2023-04-27 00:58:39,609 - INFO    - keyword:娱乐
2023-04-27 00:58:39,624 - INFO    - keyword:澳大利亚
2023-04-27 00:58:39,624 - INFO    - keyword:部长
2023-04-27 00:58:39,625 - INFO    - keyword:总理
2023-04-27 00:58:39,625 - INFO    - keyword:澳中
2023-04-27 00:58:39,625 - INFO    - keyword:贸易额
2023-04-27 00:58:39,626 - INFO    - keyword:亚太地区
2023-04-27 00:58:39,626 - INFO    - keyword:贸易
2023-04-27 00:58:39,626 - INFO    - keyword:时间表
2023-04-27 00:58:39,626 - INFO    - keyword:视频
2023-04-27 00:58:39,627 - INFO    - keyword:北京
2023-04-27 00:58:39,631 - INFO    - keyword:民宿
2023-04-27 00:58:39,632 - INFO    - keyword:飞猪
2023-04-27 00:58:39,632 - INFO    - keyword:小猪
2023-04-27 00:58:39,632 - INFO    - keyword:商家
2023-04-27 00:58:39,632 - INFO    - keyword:房费
2023-04-27 00:58:39,633 - INFO    - keyword:客人
2023-04-27 00:58:39,633 - INFO    - keyword:平台
2023-04-27 00:58:39,634 - INFO    - keyword:差价
2023-04-27 00:58:39,634 - INFO    - keyword:涨价
2023-04-27 00:58:39,645 - INFO    - keyword:排海
2023-04-27 00:58:39,645 - INFO    - keyword:污水
2023-04-27 00:58:39,645 - INFO    - keyword:西村
2023-04-27 00:58:39,646 - INFO    - keyword:记者会
2023-04-27 00:58:39,646 - INFO    - keyword:日本
2023-04-27 00:58:39,646 - INFO    - keyword:福岛
2023-04-27 00:58:39,646 - INFO    - keyword:朝日新闻
2023-04-27 00:58:39,647 - INFO    - keyword:部长会议
2023-04-27 00:58:39,647 - INFO    - keyword:核电站
2023-04-27 00:58:39,647 - INFO    - keyword:德国
2023-04-27 00:58:39,675 - INFO    - keyword:管弦乐团
2023-04-27 00:58:39,675 - INFO    - keyword:香港
2023-04-27 00:58:39,676 - INFO    - keyword:芭蕾舞团
2023-04-27 00:58:39,676 - INFO    - keyword:驻团
2023-04-27 00:58:39,676 - INFO    - keyword:音乐
2023-04-27 00:58:39,677 - INFO    - keyword:布兰
2023-04-27 00:58:39,677 - INFO    - keyword:舞剧
2023-04-27 00:58:39,677 - INFO    - keyword:编舞家
2023-04-27 00:58:39,678 - INFO    - keyword:舞团
2023-04-27 00:58:39,678 - INFO    - keyword:古典音乐
2023-04-27 00:58:39,692 - INFO    - keyword:大使
2023-04-27 00:58:39,693 - INFO    - keyword:普京
2023-04-27 00:58:39,693 - INFO    - keyword:驻俄
2023-04-27 00:58:39,694 - INFO    - keyword:新任
2023-04-27 00:58:39,694 - INFO    - keyword:俄罗斯
2023-04-27 00:58:39,694 - INFO    - keyword:美国
2023-04-27 00:58:39,694 - INFO    - keyword:讲话
2023-04-27 00:58:39,695 - INFO    - keyword:仪式
2023-04-27 00:58:39,695 - INFO    - keyword:丹麦
2023-04-27 00:58:39,696 - INFO    - keyword:关系
2023-04-27 00:58:39,704 - INFO    - keyword:白俄罗斯
2023-04-27 00:58:39,705 - INFO    - keyword:战术导弹
2023-04-27 00:58:39,705 - INFO    - keyword:俄方
2023-04-27 00:58:39,705 - INFO    - keyword:绍伊古
2023-04-27 00:58:39,706 - INFO    - keyword:武装部队
2023-04-27 00:58:39,706 - INFO    - keyword:培训
2023-04-27 00:58:39,706 - INFO    - keyword:系统
2023-04-27 00:58:39,707 - INFO    - keyword:俄罗斯
2023-04-27 00:58:39,707 - INFO    - keyword:人员
2023-04-27 00:58:39,707 - INFO    - keyword:白俄
2023-04-27 00:58:39,718 - INFO    - keyword:男子
2023-04-27 00:58:39,718 - INFO    - keyword:枪支
2023-04-27 00:58:39,719 - INFO    - keyword:芝加哥
2023-04-27 00:58:39,720 - INFO    - keyword:暴力
2023-04-27 00:58:39,720 - INFO    - keyword:腹部
2023-04-27 00:58:39,720 - INFO    - keyword:美国
2023-04-27 00:58:39,721 - INFO    - keyword:芝加哥市
2023-04-27 00:58:39,721 - INFO    - keyword:医治无效
2023-04-27 00:58:39,722 - INFO    - keyword:医院
2023-04-27 00:58:39,791 - INFO    - keyword:裕子
2023-04-27 00:58:39,791 - INFO    - keyword:夫人
2023-04-27 00:58:39,792 - INFO    - keyword:日本
2023-04-27 00:58:39,792 - INFO    - keyword:第一夫人
2023-04-27 00:58:39,792 - INFO    - keyword:外交
2023-04-27 00:58:39,793 - INFO    - keyword:产经新闻
2023-04-27 00:58:39,793 - INFO    - keyword:广岛
2023-04-27 00:58:39,794 - INFO    - keyword:美国
2023-04-27 00:58:39,794 - INFO    - keyword:总统
2023-04-27 00:58:39,794 - INFO    - keyword:和服
2023-04-27 00:58:39,817 - INFO    - keyword:经销商
2023-04-27 00:58:39,818 - INFO    - keyword:汽车
2023-04-27 00:58:39,818 - INFO    - keyword:店长
2023-04-27 00:58:39,818 - INFO    - keyword:门店
2023-04-27 00:58:39,819 - INFO    - keyword:爆料
2023-04-27 00:58:39,819 - INFO    - keyword:销量
2023-04-27 00:58:39,819 - INFO    - keyword:济南
2023-04-27 00:58:39,820 - INFO    - keyword:质量
2023-04-27 00:58:39,820 - INFO    - keyword:信息
2023-04-27 00:58:39,820 - INFO    - keyword:虚报
2023-04-27 00:58:39,836 - INFO    - keyword:平台
2023-04-27 00:58:39,836 - INFO    - keyword:社交
2023-04-27 00:58:39,837 - INFO    - keyword:聊天室
2023-04-27 00:58:39,837 - INFO    - keyword:群组
2023-04-27 00:58:39,837 - INFO    - keyword:信息
2023-04-27 00:58:39,838 - INFO    - keyword:机密文件
2023-04-27 00:58:39,838 - INFO    - keyword:情报
2023-04-27 00:58:39,839 - INFO    - keyword:华盛顿邮报
2023-04-27 00:58:39,839 - INFO    - keyword:美国
2023-04-27 00:58:39,839 - INFO    - keyword:警卫队
2023-04-27 00:58:39,846 - INFO    - keyword:使馆
2023-04-27 00:58:39,847 - INFO    - keyword:缅怀
2023-04-27 00:58:39,847 - INFO    - keyword:烈士
2023-04-27 00:58:39,848 - INFO    - keyword:馆员
2023-04-27 00:58:39,848 - INFO    - keyword:北约
2023-04-27 00:58:39,848 - INFO    - keyword:驻塞
2023-04-27 00:58:39,849 - INFO    - keyword:旅塞
2023-04-27 00:58:39,849 - INFO    - keyword:纪念活动
2023-04-27 00:58:39,849 - INFO    - keyword:缎带
2023-04-27 00:58:39,850 - INFO    - keyword:花束
2023-04-27 00:58:39,859 - INFO    - keyword:手提袋
2023-04-27 00:58:39,860 - INFO    - keyword:旅客
2023-04-27 00:58:39,860 - INFO    - keyword:现金
2023-04-27 00:58:39,860 - INFO    - keyword:乘警
2023-04-27 00:58:39,861 - INFO    - keyword:行李架
2023-04-27 00:58:39,861 - INFO    - keyword:物品
2023-04-27 00:58:39,861 - INFO    - keyword:现场
2023-04-27 00:58:39,862 - INFO    - keyword:北京西
2023-04-27 00:58:39,862 - INFO    - keyword:列车长
2023-04-27 00:58:39,862 - INFO    - keyword:北京西站
2023-04-27 00:58:39,872 - INFO    - keyword:核电站
2023-04-27 00:58:39,873 - INFO    - keyword:德国
2023-04-27 00:58:39,873 - INFO    - keyword:核能
2023-04-27 00:58:39,873 - INFO    - keyword:核电
2023-04-27 00:58:39,874 - INFO    - keyword:制裁
2023-04-27 00:58:39,874 - INFO    - keyword:俄罗斯
2023-04-27 00:58:39,874 - INFO    - keyword:发电量
2023-04-27 00:58:39,875 - INFO    - keyword:下萨克森州
2023-04-27 00:58:39,875 - INFO    - keyword:能源
2023-04-27 00:58:39,876 - INFO    - keyword:昭东
2023-04-27 00:58:39,892 - INFO    - keyword:海报
2023-04-27 00:58:39,893 - INFO    - keyword:立场
2023-04-27 00:58:39,893 - INFO    - keyword:战区
2023-04-27 00:58:39,893 - INFO    - keyword:台湾岛
2023-04-27 00:58:39,894 - INFO    - keyword:全图
2023-04-27 00:58:39,894 - INFO    - keyword:微信
2023-04-27 00:58:39,895 - INFO    - keyword:烈士墓
2023-04-27 00:58:39,895 - INFO    - keyword:地图
2023-04-27 00:58:39,895 - INFO    - keyword:影射
2023-04-27 00:58:39,896 - INFO    - keyword:漫画
2023-04-27 00:58:39,947 - INFO    - keyword:失联
2023-04-27 00:58:39,948 - INFO    - keyword:新闻记者
2023-04-27 00:58:39,948 - INFO    - keyword:现场
2023-04-27 00:58:39,949 - INFO    - keyword:父亲
2023-04-27 00:58:39,949 - INFO    - keyword:蒙城县
2023-04-27 00:58:39,949 - INFO    - keyword:三义
2023-04-27 00:58:39,950 - INFO    - keyword:水塘
2023-04-27 00:58:39,950 - INFO    - keyword:王国
2023-04-27 00:58:39,951 - INFO    - keyword:村民
2023-04-27 00:58:39,951 - INFO    - keyword:事发
2023-04-27 00:58:39,963 - INFO    - keyword:外长
2023-04-27 00:58:39,964 - INFO    - keyword:印太
2023-04-27 00:58:39,964 - INFO    - keyword:局势
2023-04-27 00:58:39,964 - INFO    - keyword:内政
2023-04-27 00:58:39,965 - INFO    - keyword:中国
2023-04-27 00:58:39,965 - INFO    - keyword:日本
2023-04-27 00:58:39,965 - INFO    - keyword:地区
2023-04-27 00:58:39,966 - INFO    - keyword:长野县
2023-04-27 00:58:39,966 - INFO    - keyword:外媒
2023-04-27 00:58:39,966 - INFO    - keyword:井泽町
2023-04-27 00:58:39,974 - INFO    - keyword:体脂率
2023-04-27 00:58:39,975 - INFO    - keyword:新兵
2023-04-27 00:58:39,975 - INFO    - keyword:资格
2023-04-27 00:58:39,975 - INFO    - keyword:体脂
2023-04-27 00:58:39,976 - INFO    - keyword:年轻人
2023-04-27 00:58:39,976 - INFO    - keyword:空军
2023-04-27 00:58:39,977 - INFO    - keyword:标准
2023-04-27 00:58:39,977 - INFO    - keyword:男性
2023-04-27 00:58:39,978 - INFO    - keyword:女性
2023-04-27 00:58:39,978 - INFO    - keyword:美国
2023-04-27 00:58:39,993 - INFO    - keyword:支持率
2023-04-27 00:58:39,994 - INFO    - keyword:韩国
2023-04-27 00:58:39,994 - INFO    - keyword:国政
2023-04-27 00:58:39,994 - INFO    - keyword:民调
2023-04-27 00:58:39,995 - INFO    - keyword:执政党
2023-04-27 00:58:39,995 - INFO    - keyword:评价
2023-04-27 00:58:39,995 - INFO    - keyword:年龄层
2023-04-27 00:58:39,995 - INFO    - keyword:负面
2023-04-27 00:58:39,996 - INFO    - keyword:总统
2023-04-27 00:58:39,996 - INFO    - keyword:政府
2023-04-27 00:58:40,008 - INFO    - keyword:法院
2023-04-27 00:58:40,009 - INFO    - keyword:曼哈顿
2023-04-27 00:58:40,009 - INFO    - keyword:检察官
2023-04-27 00:58:40,009 - INFO    - keyword:美国
2023-04-27 00:58:40,010 - INFO    - keyword:时间
2023-04-27 00:58:40,010 - INFO    - keyword:市政
2023-04-27 00:58:40,010 - INFO    - keyword:行程
2023-04-27 00:58:40,011 - INFO    - keyword:公园
2023-04-27 00:58:40,011 - INFO    - keyword:纽约
2023-04-27 00:58:40,011 - INFO    - keyword:中央大街
2023-04-27 00:58:40,039 - INFO    - keyword:工作
2023-04-27 00:58:40,040 - INFO    - keyword:科技
2023-04-27 00:58:40,040 - INFO    - keyword:加班费
2023-04-27 00:58:40,040 - INFO    - keyword:公司
2023-04-27 00:58:40,041 - INFO    - keyword:劳动者
2023-04-27 00:58:40,041 - INFO    - keyword:社交
2023-04-27 00:58:40,041 - INFO    - keyword:工作制
2023-04-27 00:58:40,042 - INFO    - keyword:法定
2023-04-27 00:58:40,042 - INFO    - keyword:时长
2023-04-27 00:58:40,042 - INFO    - keyword:媒体
2023-04-27 00:58:40,050 - INFO    - keyword:会面
2023-04-27 00:58:40,051 - INFO    - keyword:伊朗
2023-04-27 00:58:40,051 - INFO    - keyword:双边关系
2023-04-27 00:58:40,051 - INFO    - keyword:伊沙
2023-04-27 00:58:40,051 - INFO    - keyword:电话
2023-04-27 00:58:40,052 - INFO    - keyword:表示满意
2023-04-27 00:58:40,052 - INFO    - keyword:铺平道路
2023-04-27 00:58:40,052 - INFO    - keyword:外交大臣
2023-04-27 00:58:40,053 - INFO    - keyword:外长
2023-04-27 00:58:40,053 - INFO    - keyword:采取行动
2023-04-27 00:58:40,110 - INFO    - keyword:大凉山
2023-04-27 00:58:40,111 - INFO    - keyword:视频
2023-04-27 00:58:40,111 - INFO    - keyword:直播
2023-04-27 00:58:40,112 - INFO    - keyword:网友
2023-04-27 00:58:40,112 - INFO    - keyword:现身
2023-04-27 00:58:40,112 - INFO    - keyword:账号
2023-04-27 00:58:40,112 - INFO    - keyword:直播间
2023-04-27 00:58:40,113 - INFO    - keyword:凉山
2023-04-27 00:58:40,113 - INFO    - keyword:妻女
2023-04-27 00:58:40,113 - INFO    - keyword:彝族
2023-04-27 00:58:40,140 - INFO    - keyword:涅波
2023-04-27 00:58:40,141 - INFO    - keyword:本局
2023-04-27 00:58:40,141 - INFO    - keyword:慢棋
2023-04-27 00:58:40,141 - INFO    - keyword:冠军赛
2023-04-27 00:58:40,142 - INFO    - keyword:均势
2023-04-27 00:58:40,142 - INFO    - keyword:开局
2023-04-27 00:58:40,142 - INFO    - keyword:加赛
2023-04-27 00:58:40,142 - INFO    - keyword:棋王
2023-04-27 00:58:40,143 - INFO    - keyword:世界
2023-04-27 00:58:40,143 - INFO    - keyword:伦敦
2023-04-27 00:58:40,162 - INFO    - keyword:心血管病
2023-04-27 00:58:40,163 - INFO    - keyword:心肌梗死
2023-04-27 00:58:40,163 - INFO    - keyword:麝香
2023-04-27 00:58:40,163 - INFO    - keyword:病人
2023-04-27 00:58:40,164 - INFO    - keyword:心内科
2023-04-27 00:58:40,164 - INFO    - keyword:教授
2023-04-27 00:58:40,164 - INFO    - keyword:科技进步
2023-04-27 00:58:40,165 - INFO    - keyword:教研室
2023-04-27 00:58:40,165 - INFO    - keyword:研究室
2023-04-27 00:58:40,165 - INFO    - keyword:医学院
2023-04-27 00:58:40,191 - INFO    - keyword:比赛
2023-04-27 00:58:40,192 - INFO    - keyword:湖人
2023-04-27 00:58:40,192 - INFO    - keyword:系列赛
2023-04-27 00:58:40,193 - INFO    - keyword:赛点
2023-04-27 00:58:40,193 - INFO    - keyword:赢球
2023-04-27 00:58:40,193 - INFO    - keyword:概率
2023-04-27 00:58:40,194 - INFO    - keyword:三分球
2023-04-27 00:58:40,194 - INFO    - keyword:分差
2023-04-27 00:58:40,194 - INFO    - keyword:灰熊
2023-04-27 00:58:40,205 - INFO    - keyword:那不勒斯
2023-04-27 00:58:40,206 - INFO    - keyword:意甲
2023-04-27 00:58:40,206 - INFO    - keyword:出售
2023-04-27 00:58:40,207 - INFO    - keyword:曼联
2023-04-27 00:58:40,207 - INFO    - keyword:离队
2023-04-27 00:58:40,207 - INFO    - keyword:射手
2023-04-27 00:58:40,208 - INFO    - keyword:球队
2023-04-27 00:58:40,208 - INFO    - keyword:球员
2023-04-27 00:58:40,208 - INFO    - keyword:经纪人
2023-04-27 00:58:40,208 - INFO    - keyword:感兴趣
2023-04-27 00:58:40,221 - INFO    - keyword:进球
2023-04-27 00:58:40,221 - INFO    - keyword:德布
2023-04-27 00:58:40,222 - INFO    - keyword:触球
2023-04-27 00:58:40,222 - INFO    - keyword:劳内
2023-04-27 00:58:40,223 - INFO    - keyword:前锋
2023-04-27 00:58:40,223 - INFO    - keyword:比赛
2023-04-27 00:58:40,223 - INFO    - keyword:拿球
2023-04-27 00:58:40,224 - INFO    - keyword:禁区
2023-04-27 00:58:40,224 - INFO    - keyword:水平
2023-04-27 00:58:40,224 - INFO    - keyword:球队
2023-04-27 00:58:40,227 - INFO    - keyword:利物浦
2023-04-27 00:58:40,228 - INFO    - keyword:队史
2023-04-27 00:58:40,228 - INFO    - keyword:创纪录
2023-04-27 00:58:40,229 - INFO    - keyword:球队
2023-04-27 00:58:40,229 - INFO    - keyword:合作伙伴
2023-04-27 00:58:40,229 - INFO    - keyword:俱乐部
2023-04-27 00:58:40,230 - INFO    - keyword:业绩
2023-04-27 00:58:40,230 - INFO    - keyword:计划
2023-04-27 00:58:40,230 - INFO    - keyword:月份
2023-04-27 00:58:40,231 - INFO    - keyword:关系
2023-04-27 00:58:40,235 - INFO    - keyword:口头
2023-04-27 00:58:40,235 - INFO    - keyword:媒体
2023-04-27 00:58:40,236 - INFO    - keyword:名帅
2023-04-27 00:58:40,236 - INFO    - keyword:协议
2023-04-27 00:58:40,237 - INFO    - keyword:主帅
2023-04-27 00:58:40,237 - INFO    - keyword:球队
2023-04-27 00:58:40,237 - INFO    - keyword:高层
2023-04-27 00:58:40,238 - INFO    - keyword:任命
2023-04-27 00:58:40,238 - INFO    - keyword:消息
2023-04-27 00:58:40,239 - INFO    - keyword:英国
2023-04-27 00:58:40,249 - INFO    - keyword:欧元
2023-04-27 00:58:40,249 - INFO    - keyword:体育报
2023-04-27 00:58:40,250 - INFO    - keyword:米兰
2023-04-27 00:58:40,250 - INFO    - keyword:报价
2023-04-27 00:58:40,251 - INFO    - keyword:转会费
2023-04-27 00:58:40,251 - INFO    - keyword:将国
2023-04-27 00:58:40,251 - INFO    - keyword:国米
2023-04-27 00:58:40,252 - INFO    - keyword:门将
2023-04-27 00:58:40,252 - INFO    - keyword:年薪
2023-04-27 00:58:40,252 - INFO    - keyword:全额
2023-04-27 00:58:40,266 - INFO    - keyword:能链
2023-04-27 00:58:40,266 - INFO    - keyword:智电
2023-04-27 00:58:40,267 - INFO    - keyword:新能源
2023-04-27 00:58:40,267 - INFO    - keyword:服务商
2023-04-27 00:58:40,268 - INFO    - keyword:运营商
2023-04-27 00:58:40,268 - INFO    - keyword:基础设施
2023-04-27 00:58:40,268 - INFO    - keyword:数据
2023-04-27 00:58:40,269 - INFO    - keyword:按摩椅
2023-04-27 00:58:40,269 - INFO    - keyword:用户
2023-04-27 00:58:40,269 - INFO    - keyword:市占率
2023-04-27 00:58:40,297 - INFO    - keyword:巴萨
2023-04-27 00:58:40,298 - INFO    - keyword:本场
2023-04-27 00:58:40,298 - INFO    - keyword:主场
2023-04-27 00:58:40,299 - INFO    - keyword:上场
2023-04-27 00:58:40,299 - INFO    - keyword:客胜
2023-04-27 00:58:40,299 - INFO    - keyword:球队
2023-04-27 00:58:40,300 - INFO    - keyword:保级
2023-04-27 00:58:40,300 - INFO    - keyword:冠军
2023-04-27 00:58:40,301 - INFO    - keyword:加西亚
2023-04-27 00:58:40,301 - INFO    - keyword:进球
2023-04-27 00:58:40,309 - INFO    - keyword:经济部
2023-04-27 00:58:40,310 - INFO    - keyword:经济
2023-04-27 00:58:40,310 - INFO    - keyword:预期
2023-04-27 00:58:40,311 - INFO    - keyword:德国
2023-04-27 00:58:40,311 - INFO    - keyword:预计
2023-04-27 00:58:40,311 - INFO    - keyword:预测
2023-04-27 00:58:40,312 - INFO    - keyword:经济部长
2023-04-27 00:58:40,312 - INFO    - keyword:能源价格
2023-04-27 00:58:40,312 - INFO    - keyword:政府
2023-04-27 00:58:40,317 - INFO    - keyword:减产
2023-04-27 00:58:40,318 - INFO    - keyword:石油
2023-04-27 00:58:40,318 - INFO    - keyword:油价
2023-04-27 00:58:40,318 - INFO    - keyword:原油
2023-04-27 00:58:40,319 - INFO    - keyword:原油价格
2023-04-27 00:58:40,319 - INFO    - keyword:市场
2023-04-27 00:58:40,319 - INFO    - keyword:前景
2023-04-27 00:58:40,319 - INFO    - keyword:美国
2023-04-27 00:58:40,320 - INFO    - keyword:波动
2023-04-27 00:58:40,332 - INFO    - keyword:订单
2023-04-27 00:58:40,332 - INFO    - keyword:耐用品
2023-04-27 00:58:40,332 - INFO    - keyword:飞机
2023-04-27 00:58:40,333 - INFO    - keyword:数据
2023-04-27 00:58:40,333 - INFO    - keyword:月份
2023-04-27 00:58:40,334 - INFO    - keyword:设备
2023-04-27 00:58:40,334 - INFO    - keyword:库存
2023-04-27 00:58:40,335 - INFO    - keyword:制造业
2023-04-27 00:58:40,335 - INFO    - keyword:美国
2023-04-27 00:58:40,335 - INFO    - keyword:资本货物
2023-04-27 00:58:40,344 - INFO    - keyword:动视
2023-04-27 00:58:40,345 - INFO    - keyword:暴雪
2023-04-27 00:58:40,345 - INFO    - keyword:发行商
2023-04-27 00:58:40,345 - INFO    - keyword:英国
2023-04-27 00:58:40,345 - INFO    - keyword:采取行动
2023-04-27 00:58:40,346 - INFO    - keyword:视频
2023-04-27 00:58:40,346 - INFO    - keyword:报价
2023-04-27 00:58:40,346 - INFO    - keyword:游戏
2023-04-27 00:58:40,347 - INFO    - keyword:市值
2023-04-27 00:58:40,353 - INFO    - keyword:共和
2023-04-27 00:58:40,353 - INFO    - keyword:银行
2023-04-27 00:58:40,354 - INFO    - keyword:消息人士
2023-04-27 00:58:40,354 - INFO    - keyword:援引
2023-04-27 00:58:40,355 - INFO    - keyword:跌幅
2023-04-27 00:58:40,355 - INFO    - keyword:媒体
2023-04-27 00:58:40,356 - INFO    - keyword:措施
2023-04-27 00:58:40,365 - INFO    - keyword:标普
2023-04-27 00:58:40,365 - INFO    - keyword:期货
2023-04-27 00:58:40,365 - INFO    - keyword:银行
2023-04-27 00:58:40,366 - INFO    - keyword:信托
2023-04-27 00:58:40,366 - INFO    - keyword:指数
2023-04-27 00:58:40,367 - INFO    - keyword:涨幅
2023-04-27 00:58:40,367 - INFO    - keyword:纳斯达克
2023-04-27 00:58:40,368 - INFO    - keyword:美国
2023-04-27 00:58:40,368 - INFO    - keyword:财报
2023-04-27 00:58:40,423 - INFO    - keyword:飞利信
2023-04-27 00:58:40,423 - INFO    - keyword:坏账
2023-04-27 00:58:40,424 - INFO    - keyword:股东
2023-04-27 00:58:40,424 - INFO    - keyword:账款
2023-04-27 00:58:40,424 - INFO    - keyword:营业
2023-04-27 00:58:40,425 - INFO    - keyword:亏损
2023-04-27 00:58:40,425 - INFO    - keyword:公司
2023-04-27 00:58:40,425 - INFO    - keyword:公告
2023-04-27 00:58:40,425 - INFO    - keyword:年度
2023-04-27 00:58:40,426 - INFO    - keyword:职责
2023-04-27 00:58:40,441 - INFO    - keyword:波音
2023-04-27 00:58:40,441 - INFO    - keyword:飞机
2023-04-27 00:58:40,442 - INFO    - keyword:现金流
2023-04-27 00:58:40,442 - INFO    - keyword:营收
2023-04-27 00:58:40,442 - INFO    - keyword:股盘
2023-04-27 00:58:40,443 - INFO    - keyword:财报
2023-04-27 00:58:40,443 - INFO    - keyword:净亏损
2023-04-27 00:58:40,443 - INFO    - keyword:业务
2023-04-27 00:58:40,444 - INFO    - keyword:亏损
2023-04-27 00:58:40,444 - INFO    - keyword:预期
2023-04-27 00:58:40,457 - INFO    - keyword:净流入
2023-04-27 00:58:40,457 - INFO    - keyword:资金
2023-04-27 00:58:40,458 - INFO    - keyword:主力
2023-04-27 00:58:40,458 - INFO    - keyword:电力设备
2023-04-27 00:58:40,459 - INFO    - keyword:深股通
2023-04-27 00:58:40,459 - INFO    - keyword:收报
2023-04-27 00:58:40,459 - INFO    - keyword:行业
2023-04-27 00:58:40,460 - INFO    - keyword:活跃股
2023-04-27 00:58:40,460 - INFO    - keyword:研报
2023-04-27 00:58:40,460 - INFO    - keyword:挖掘潜力
2023-04-27 00:58:40,477 - INFO    - keyword:数据
2023-04-27 00:58:40,478 - INFO    - keyword:指标
2023-04-27 00:58:40,479 - INFO    - keyword:预计
2023-04-27 00:58:40,480 - INFO    - keyword:成本
2023-04-27 00:58:40,480 - INFO    - keyword:美国
2023-04-27 00:58:40,481 - INFO    - keyword:月份
2023-04-27 00:58:40,481 - INFO    - keyword:经济学家
2023-04-27 00:58:40,482 - INFO    - keyword:工资
2023-04-27 00:58:40,482 - INFO    - keyword:消费者
2023-04-27 00:58:40,483 - INFO    - keyword:核心
2023-04-27 00:58:40,506 - INFO    - keyword:净利润
2023-04-27 00:58:40,507 - INFO    - keyword:公司
2023-04-27 00:58:40,507 - INFO    - keyword:研报
2023-04-27 00:58:40,508 - INFO    - keyword:股份
2023-04-27 00:58:40,508 - INFO    - keyword:A股
2023-04-27 00:58:40,509 - INFO    - keyword:预测
2023-04-27 00:58:40,509 - INFO    - keyword:季报
2023-04-27 00:58:40,510 - INFO    - keyword:新能源
2023-04-27 00:58:40,510 - INFO    - keyword:宇通
2023-04-27 00:58:40,511 - INFO    - keyword:市盈率
2023-04-27 00:58:40,534 - INFO    - keyword:人工智能
2023-04-27 00:58:40,535 - INFO    - keyword:模型
2023-04-27 00:58:40,535 - INFO    - keyword:开源
2023-04-27 00:58:40,535 - INFO    - keyword:技术
2023-04-27 00:58:40,536 - INFO    - keyword:中国
2023-04-27 00:58:40,536 - INFO    - keyword:算法
2023-04-27 00:58:40,537 - INFO    - keyword:工业革命
2023-04-27 00:58:40,537 - INFO    - keyword:互联网
2023-04-27 00:58:40,537 - INFO    - keyword:路线
2023-04-27 00:58:40,538 - INFO    - keyword:躺平
2023-04-27 00:58:40,557 - INFO    - keyword:上市
2023-04-27 00:58:40,558 - INFO    - keyword:亚洲区
2023-04-27 00:58:40,558 - INFO    - keyword:新股
2023-04-27 00:58:40,559 - INFO    - keyword:全球
2023-04-27 00:58:40,559 - INFO    - keyword:企业
2023-04-27 00:58:40,559 - INFO    - keyword:规模
2023-04-27 00:58:40,560 - INFO    - keyword:市场
2023-04-27 00:58:40,560 - INFO    - keyword:欧洲
2023-04-27 00:58:40,560 - INFO    - keyword:美国
2023-04-27 00:58:40,561 - INFO    - keyword:有限公司
2023-04-27 00:58:40,572 - INFO    - keyword:董事会
2023-04-27 00:58:40,573 - INFO    - keyword:董事
2023-04-27 00:58:40,573 - INFO    - keyword:主席
2023-04-27 00:58:40,574 - INFO    - keyword:大通
2023-04-27 00:58:40,574 - INFO    - keyword:摩根
2023-04-27 00:58:40,574 - INFO    - keyword:新任
2023-04-27 00:58:40,575 - INFO    - keyword:风险管理
2023-04-27 00:58:40,575 - INFO    - keyword:集团
2023-04-27 00:58:40,576 - INFO    - keyword:总经理
2023-04-27 00:58:40,576 - INFO    - keyword:成员
2023-04-27 00:58:40,587 - INFO    - keyword:营收
2023-04-27 00:58:40,588 - INFO    - keyword:财报
2023-04-27 00:58:40,589 - INFO    - keyword:新台币
2023-04-27 00:58:40,589 - INFO    - keyword:利用率
2023-04-27 00:58:40,589 - INFO    - keyword:毛利率
2023-04-27 00:58:40,589 - INFO    - keyword:预计
2023-04-27 00:58:40,590 - INFO    - keyword:预期
2023-04-27 00:58:40,590 - INFO    - keyword:制程
2023-04-27 00:58:40,590 - INFO    - keyword:净利润
2023-04-27 00:58:40,591 - INFO    - keyword:股盘
2023-04-27 00:58:40,595 - INFO    - keyword:逸仙
2023-04-27 00:58:40,596 - INFO    - keyword:电商
2023-04-27 00:58:40,596 - INFO    - keyword:高质量
2023-04-27 00:58:40,597 - INFO    - keyword:公司
2023-04-27 00:58:40,597 - INFO    - keyword:现金
2023-04-27 00:58:40,597 - INFO    - keyword:营收
2023-04-27 00:58:40,598 - INFO    - keyword:盈利
2023-04-27 00:58:40,598 - INFO    - keyword:净亏损
2023-04-27 00:58:40,598 - INFO    - keyword:短期投资
2023-04-27 00:58:40,606 - INFO    - keyword:机器人
2023-04-27 00:58:40,607 - INFO    - keyword:毛利率
2023-04-27 00:58:40,607 - INFO    - keyword:净营
2023-04-27 00:58:40,607 - INFO    - keyword:服务
2023-04-27 00:58:40,608 - INFO    - keyword:净亏损
2023-04-27 00:58:40,608 - INFO    - keyword:技术开发
2023-04-27 00:58:40,608 - INFO    - keyword:行业
2023-04-27 00:58:40,609 - INFO    - keyword:产品
2023-04-27 00:58:40,609 - INFO    - keyword:创纪录
2023-04-27 00:58:40,614 - INFO    - keyword:悦商
2023-04-27 00:58:40,615 - INFO    - keyword:合规
2023-04-27 00:58:40,615 - INFO    - keyword:纳斯达克
2023-04-27 00:58:40,615 - INFO    - keyword:集团
2023-04-27 00:58:40,616 - INFO    - keyword:年度报告
2023-04-27 00:58:40,616 - INFO    - keyword:宽限期
2023-04-27 00:58:40,616 - INFO    - keyword:财年
2023-04-27 00:58:40,617 - INFO    - keyword:年报
2023-04-27 00:58:40,617 - INFO    - keyword:公司
2023-04-27 00:58:40,645 - INFO    - keyword:股票
2023-04-27 00:58:40,645 - INFO    - keyword:标普
2023-04-27 00:58:40,645 - INFO    - keyword:风险
2023-04-27 00:58:40,646 - INFO    - keyword:仓位
2023-04-27 00:58:40,646 - INFO    - keyword:策略
2023-04-27 00:58:40,646 - INFO    - keyword:基金
2023-04-27 00:58:40,646 - INFO    - keyword:市场
2023-04-27 00:58:40,647 - INFO    - keyword:警告
2023-04-27 00:58:40,647 - INFO    - keyword:银行业
2023-04-27 00:58:40,647 - INFO    - keyword:全球
2023-04-27 00:58:40,654 - INFO    - keyword:目标价
2023-04-27 00:58:40,654 - INFO    - keyword:弹性
2023-04-27 00:58:40,655 - INFO    - keyword:评级
2023-04-27 00:58:40,655 - INFO    - keyword:智通
2023-04-27 00:58:40,655 - INFO    - keyword:分析师
2023-04-27 00:58:40,656 - INFO    - keyword:重置
2023-04-27 00:58:40,656 - INFO    - keyword:时间差
2023-04-27 00:58:40,656 - INFO    - keyword:业绩
2023-04-27 00:58:40,656 - INFO    - keyword:降价
2023-04-27 00:58:40,657 - INFO    - keyword:结构性
2023-04-27 00:58:40,660 - INFO    - keyword:定价
2023-04-27 00:58:40,661 - INFO    - keyword:百事公司
2023-04-27 00:58:40,661 - INFO    - keyword:财报
2023-04-27 00:58:40,661 - INFO    - keyword:能力
2023-04-27 00:58:40,661 - INFO    - keyword:目标价
2023-04-27 00:58:40,662 - INFO    - keyword:财年
2023-04-27 00:58:40,662 - INFO    - keyword:摩根士丹利
2023-04-27 00:58:40,662 - INFO    - keyword:生产力
2023-04-27 00:58:40,663 - INFO    - keyword:弹性
2023-04-27 00:58:40,670 - INFO    - keyword:共和
2023-04-27 00:58:40,671 - INFO    - keyword:银行
2023-04-27 00:58:40,671 - INFO    - keyword:目标价
2023-04-27 00:58:40,672 - INFO    - keyword:融资
2023-04-27 00:58:40,672 - INFO    - keyword:盈利
2023-04-27 00:58:40,672 - INFO    - keyword:能力
2023-04-27 00:58:40,672 - INFO    - keyword:结构
2023-04-27 00:58:40,673 - INFO    - keyword:外流
2023-04-27 00:58:40,673 - INFO    - keyword:重创
2023-04-27 00:58:40,710 - INFO    - keyword:方案
2023-04-27 00:58:40,710 - INFO    - keyword:利润分配
2023-04-27 00:58:40,711 - INFO    - keyword:股本
2023-04-27 00:58:40,711 - INFO    - keyword:公司
2023-04-27 00:58:40,712 - INFO    - keyword:公积
2023-04-27 00:58:40,712 - INFO    - keyword:资本
2023-04-27 00:58:40,713 - INFO    - keyword:内幕
2023-04-27 00:58:40,713 - INFO    - keyword:合理性
2023-04-27 00:58:40,713 - INFO    - keyword:股东
2023-04-27 00:58:40,714 - INFO    - keyword:公积金
2023-04-27 00:58:40,719 - INFO    - keyword:目标价
2023-04-27 00:58:40,719 - INFO    - keyword:摩根士丹利
2023-04-27 00:58:40,719 - INFO    - keyword:销售
2023-04-27 00:58:40,720 - INFO    - keyword:评级
2023-04-27 00:58:40,720 - INFO    - keyword:核心
2023-04-27 00:58:40,720 - INFO    - keyword:分析师
2023-04-27 00:58:40,721 - INFO    - keyword:利润
2023-04-27 00:58:40,721 - INFO    - keyword:估值
2023-04-27 00:58:40,721 - INFO    - keyword:业绩
2023-04-27 00:58:40,730 - INFO    - keyword:红单
2023-04-27 00:58:40,731 - INFO    - keyword:竞彩
2023-04-27 00:58:40,731 - INFO    - keyword:精准
2023-04-27 00:58:40,731 - INFO    - keyword:微信
2023-04-27 00:58:40,732 - INFO    - keyword:扫码
2023-04-27 00:58:40,732 - INFO    - keyword:干货
2023-04-27 00:58:40,732 - INFO    - keyword:二维码
2023-04-27 00:58:40,733 - INFO    - keyword:归路
2023-04-27 00:58:40,733 - INFO    - keyword:彩民
2023-04-27 00:58:40,734 - INFO    - keyword:盟主
2023-04-27 00:58:40,784 - INFO    - keyword:财务
2023-04-27 00:58:40,792 - INFO    - keyword:首席
2023-04-27 00:58:40,800 - INFO    - keyword:精算师
2023-04-27 00:58:40,800 - INFO    - keyword:企划
2023-04-27 00:58:40,801 - INFO    - keyword:高管
2023-04-27 00:58:40,801 - INFO    - keyword:行政职务
2023-04-27 00:58:40,802 - INFO    - keyword:分管
2023-04-27 00:58:40,802 - INFO    - keyword:战略
2023-04-27 00:58:40,803 - INFO    - keyword:集团
2023-04-27 00:58:40,803 - INFO    - keyword:管理
2023-04-27 00:58:40,837 - INFO    - keyword:游戏
2023-04-27 00:58:40,837 - INFO    - keyword:暴雪
2023-04-27 00:58:40,837 - INFO    - keyword:动视
2023-04-27 00:58:40,838 - INFO    - keyword:交易
2023-04-27 00:58:40,838 - INFO    - keyword:监管
2023-04-27 00:58:40,839 - INFO    - keyword:补救措施
2023-04-27 00:58:40,839 - INFO    - keyword:英国
2023-04-27 00:58:40,839 - INFO    - keyword:竞争
2023-04-27 00:58:40,840 - INFO    - keyword:竞争对手
2023-04-27 00:58:40,840 - INFO    - keyword:反垄断
2023-04-27 00:58:40,848 - INFO    - keyword:伙伴
2023-04-27 00:58:40,848 - INFO    - keyword:全线
2023-04-27 00:58:40,849 - INFO    - keyword:启动
2023-04-27 00:58:40,849 - INFO    - keyword:企服
2023-04-27 00:58:40,850 - INFO    - keyword:核心
2023-04-27 00:58:40,850 - INFO    - keyword:计划
2023-04-27 00:58:40,851 - INFO    - keyword:产品
2023-04-27 00:58:40,851 - INFO    - keyword:油气
2023-04-27 00:58:40,852 - INFO    - keyword:产品价格
2023-04-27 00:58:40,856 - INFO    - keyword:广告业务
2023-04-27 00:58:40,856 - INFO    - keyword:营收
2023-04-27 00:58:40,857 - INFO    - keyword:预期
2023-04-27 00:58:40,857 - INFO    - keyword:报价
2023-04-27 00:58:40,857 - INFO    - keyword:广告
2023-04-27 00:58:40,858 - INFO    - keyword:降幅
2023-04-27 00:58:40,858 - INFO    - keyword:小幅
2023-04-27 00:58:40,858 - INFO    - keyword:市值
2023-04-27 00:58:40,859 - INFO    - keyword:跌幅
2023-04-27 00:58:40,859 - INFO    - keyword:公司
2023-04-27 00:58:40,865 - INFO    - keyword:存款
2023-04-27 00:58:40,866 - INFO    - keyword:合众
2023-04-27 00:58:40,867 - INFO    - keyword:西太平洋
2023-04-27 00:58:40,867 - INFO    - keyword:目标价
2023-04-27 00:58:40,868 - INFO    - keyword:银行
2023-04-27 00:58:40,868 - INFO    - keyword:报价
2023-04-27 00:58:40,868 - INFO    - keyword:总额
2023-04-27 00:58:40,869 - INFO    - keyword:市值
2023-04-27 00:58:40,869 - INFO    - keyword:统一
2023-04-27 00:58:40,877 - INFO    - keyword:股盘
2023-04-27 00:58:40,878 - INFO    - keyword:业绩
2023-04-27 00:58:40,878 - INFO    - keyword:合作伙伴
2023-04-27 00:58:40,879 - INFO    - keyword:渠道
2023-04-27 00:58:40,879 - INFO    - keyword:市值
2023-04-27 00:58:40,879 - INFO    - keyword:宏观经济
2023-04-27 00:58:40,880 - INFO    - keyword:环境
2023-04-27 00:58:40,880 - INFO    - keyword:预计
2023-04-27 00:58:40,881 - INFO    - keyword:交易
2023-04-27 00:58:40,887 - INFO    - keyword:芯片
2023-04-27 00:58:40,888 - INFO    - keyword:高管
2023-04-27 00:58:40,888 - INFO    - keyword:计划
2023-04-27 00:58:40,889 - INFO    - keyword:开发新
2023-04-27 00:58:40,889 - INFO    - keyword:硬件
2023-04-27 00:58:40,889 - INFO    - keyword:报价
2023-04-27 00:58:40,890 - INFO    - keyword:模型
2023-04-27 00:58:40,890 - INFO    - keyword:训练
2023-04-27 00:58:40,890 - INFO    - keyword:市值
2023-04-27 00:58:40,897 - INFO    - keyword:家居
2023-04-27 00:58:40,898 - INFO    - keyword:通告
2023-04-27 00:58:40,898 - INFO    - keyword:纳斯达克
2023-04-27 00:58:40,898 - INFO    - keyword:受益者
2023-04-27 00:58:40,899 - INFO    - keyword:零售商
2023-04-27 00:58:40,899 - INFO    - keyword:市值
2023-04-27 00:58:40,900 - INFO    - keyword:分析师
2023-04-27 00:58:40,900 - INFO    - keyword:股东
2023-04-27 00:58:40,901 - INFO    - keyword:收益
2023-04-27 00:58:40,909 - INFO    - keyword:京东
2023-04-27 00:58:40,909 - INFO    - keyword:消费
2023-04-27 00:58:40,910 - INFO    - keyword:活动
2023-04-27 00:58:40,910 - INFO    - keyword:券格
2023-04-27 00:58:40,910 - INFO    - keyword:双品
2023-04-27 00:58:40,911 - INFO    - keyword:网购节
2023-04-27 00:58:40,911 - INFO    - keyword:总金额
2023-04-27 00:58:40,912 - INFO    - keyword:报价
2023-04-27 00:58:40,912 - INFO    - keyword:市值
2023-04-27 00:58:40,912 - INFO    - keyword:主题
2023-04-27 00:58:40,915 - INFO    - keyword:银行
2023-04-27 00:58:40,915 - INFO    - keyword:信托
2023-04-27 00:58:40,915 - INFO    - keyword:媒体
2023-04-27 00:58:40,916 - INFO    - keyword:消息来源
2023-04-27 00:58:40,916 - INFO    - keyword:消息人士
2023-04-27 00:58:40,917 - INFO    - keyword:援引
2023-04-27 00:58:40,917 - INFO    - keyword:系统性
2023-04-27 00:58:40,918 - INFO    - keyword:应付
2023-04-27 00:58:40,918 - INFO    - keyword:出售
2023-04-27 00:58:40,949 - INFO    - keyword:数据中心
2023-04-27 00:58:40,950 - INFO    - keyword:数创
2023-04-27 00:58:40,950 - INFO    - keyword:曙光
2023-04-27 00:58:40,951 - INFO    - keyword:液冷
2023-04-27 00:58:40,951 - INFO    - keyword:证券
2023-04-27 00:58:40,952 - INFO    - keyword:基础设施
2023-04-27 00:58:40,952 - INFO    - keyword:有限公司
2023-04-27 00:58:40,952 - INFO    - keyword:营业部
2023-04-27 00:58:40,953 - INFO    - keyword:股价
2023-04-27 00:58:40,953 - INFO    - keyword:产品
2023-04-27 00:58:40,963 - INFO    - keyword:共和
2023-04-27 00:58:40,963 - INFO    - keyword:银行
2023-04-27 00:58:40,964 - INFO    - keyword:压力
2023-04-27 00:58:40,964 - INFO    - keyword:概率
2023-04-27 00:58:40,965 - INFO    - keyword:官员
2023-04-27 00:58:40,965 - INFO    - keyword:硅谷
2023-04-27 00:58:40,965 - INFO    - keyword:问号
2023-04-27 00:58:40,966 - INFO    - keyword:决策层
2023-04-27 00:58:40,966 - INFO    - keyword:政策
2023-04-27 00:58:40,974 - INFO    - keyword:开源
2023-04-27 00:58:40,975 - INFO    - keyword:软件
2023-04-27 00:58:40,975 - INFO    - keyword:该软件
2023-04-27 00:58:40,976 - INFO    - keyword:开发者
2023-04-27 00:58:40,976 - INFO    - keyword:护栏
2023-04-27 00:58:40,976 - INFO    - keyword:社区
2023-04-27 00:58:40,977 - INFO    - keyword:报价
2023-04-27 00:58:40,977 - INFO    - keyword:模型
2023-04-27 00:58:40,977 - INFO    - keyword:能量
2023-04-27 00:58:40,982 - INFO    - keyword:指数
2023-04-27 00:58:40,983 - INFO    - keyword:标准
2023-04-27 00:58:40,984 - INFO    - keyword:定价
2023-04-27 00:58:40,984 - INFO    - keyword:分析师
2023-04-27 00:58:40,985 - INFO    - keyword:预计
2023-04-27 00:58:40,985 - INFO    - keyword:股票
2023-04-27 00:58:40,986 - INFO    - keyword:预期
2023-04-27 00:58:40,986 - INFO    - keyword:成分股
2023-04-27 00:58:40,986 - INFO    - keyword:阵营
2023-04-27 00:58:40,993 - INFO    - keyword:电动汽车
2023-04-27 00:58:40,994 - INFO    - keyword:全球
2023-04-27 00:58:40,994 - INFO    - keyword:电池
2023-04-27 00:58:40,994 - INFO    - keyword:销量
2023-04-27 00:58:40,995 - INFO    - keyword:能源
2023-04-27 00:58:40,995 - INFO    - keyword:销售量
2023-04-27 00:58:40,996 - INFO    - keyword:报告
2023-04-27 00:58:40,996 - INFO    - keyword:汽车
2023-04-27 00:58:40,996 - INFO    - keyword:中国
2023-04-27 00:58:40,996 - INFO    - keyword:份额
2023-04-27 00:58:41,004 - INFO    - keyword:指数
2023-04-27 00:58:41,004 - INFO    - keyword:欧股
2023-04-27 00:58:41,005 - INFO    - keyword:德国
2023-04-27 00:58:41,005 - INFO    - keyword:西班牙
2023-04-27 00:58:41,006 - INFO    - keyword:意大利
2023-04-27 00:58:41,006 - INFO    - keyword:收盘
2023-04-27 00:58:41,006 - INFO    - keyword:欧洲
2023-04-27 00:58:41,007 - INFO    - keyword:法国
2023-04-27 00:58:41,007 - INFO    - keyword:英国
2023-04-27 00:58:41,020 - INFO    - keyword:订单
2023-04-27 00:58:41,020 - INFO    - keyword:耐用品
2023-04-27 00:58:41,021 - INFO    - keyword:数据
2023-04-27 00:58:41,021 - INFO    - keyword:飞机
2023-04-27 00:58:41,021 - INFO    - keyword:资本
2023-04-27 00:58:41,022 - INFO    - keyword:制造业
2023-04-27 00:58:41,022 - INFO    - keyword:核心
2023-04-27 00:58:41,022 - INFO    - keyword:投资
2023-04-27 00:58:41,022 - INFO    - keyword:设备
2023-04-27 00:58:41,023 - INFO    - keyword:报告
2023-04-27 00:58:41,030 - INFO    - keyword:业绩
2023-04-27 00:58:41,030 - INFO    - keyword:双位数
2023-04-27 00:58:41,030 - INFO    - keyword:服务
2023-04-27 00:58:41,030 - INFO    - keyword:报价
2023-04-27 00:58:41,031 - INFO    - keyword:市值
2023-04-27 00:58:41,036 - INFO    - keyword:降幅
2023-04-27 00:58:41,036 - INFO    - keyword:市值
2023-04-27 00:58:41,037 - INFO    - keyword:市场
2023-04-27 00:58:41,037 - INFO    - keyword:降价
2023-04-27 00:58:41,037 - INFO    - keyword:报价
2023-04-27 00:58:41,037 - INFO    - keyword:车型
2023-04-27 00:58:41,038 - INFO    - keyword:幅度
2023-04-27 00:58:41,038 - INFO    - keyword:欧洲
2023-04-27 00:58:41,038 - INFO    - keyword:全球
2023-04-27 00:58:41,039 - INFO    - keyword:价格
2023-04-27 00:58:41,045 - INFO    - keyword:评级
2023-04-27 00:58:41,045 - INFO    - keyword:财季
2023-04-27 00:58:41,046 - INFO    - keyword:大盘
2023-04-27 00:58:41,046 - INFO    - keyword:蒙特利尔
2023-04-27 00:58:41,046 - INFO    - keyword:预期
2023-04-27 00:58:41,046 - INFO    - keyword:目标价
2023-04-27 00:58:41,047 - INFO    - keyword:财年
2023-04-27 00:58:41,047 - INFO    - keyword:报价
2023-04-27 00:58:41,047 - INFO    - keyword:营业
2023-04-27 00:58:41,048 - INFO    - keyword:市值
2023-04-27 00:58:41,061 - INFO    - keyword:俄罗斯
2023-04-27 00:58:41,061 - INFO    - keyword:天然气
2023-04-27 00:58:41,062 - INFO    - keyword:美国
2023-04-27 00:58:41,062 - INFO    - keyword:全球
2023-04-27 00:58:41,062 - INFO    - keyword:出口国
2023-04-27 00:58:41,062 - INFO    - keyword:制裁
2023-04-27 00:58:41,063 - INFO    - keyword:冲突
2023-04-27 00:58:41,063 - INFO    - keyword:份额
2023-04-27 00:58:41,063 - INFO    - keyword:液化
2023-04-27 00:58:41,064 - INFO    - keyword:市场
2023-04-27 00:58:41,070 - INFO    - keyword:信托
2023-04-27 00:58:41,070 - INFO    - keyword:银行
2023-04-27 00:58:41,071 - INFO    - keyword:存款
2023-04-27 00:58:41,071 - INFO    - keyword:新股
2023-04-27 00:58:41,071 - INFO    - keyword:股价
2023-04-27 00:58:41,072 - INFO    - keyword:买家
2023-04-27 00:58:41,072 - INFO    - keyword:救助
2023-04-27 00:58:41,072 - INFO    - keyword:总计
2023-04-27 00:58:41,073 - INFO    - keyword:计划
2023-04-27 00:58:41,073 - INFO    - keyword:媒体
2023-04-27 00:58:41,081 - INFO    - keyword:欧元区
2023-04-27 00:58:41,081 - INFO    - keyword:经济
2023-04-27 00:58:41,082 - INFO    - keyword:副行长
2023-04-27 00:58:41,082 - INFO    - keyword:数据
2023-04-27 00:58:41,082 - INFO    - keyword:小组讨论
2023-04-27 00:58:41,082 - INFO    - keyword:预测
2023-04-27 00:58:41,083 - INFO    - keyword:核心
2023-04-27 00:58:41,084 - INFO    - keyword:融资
2023-04-27 00:58:41,084 - INFO    - keyword:货币政策
2023-04-27 00:58:41,095 - INFO    - keyword:人工智能
2023-04-27 00:58:41,095 - INFO    - keyword:目标价
2023-04-27 00:58:41,095 - INFO    - keyword:评级
2023-04-27 00:58:41,096 - INFO    - keyword:分析师
2023-04-27 00:58:41,096 - INFO    - keyword:华尔街
2023-04-27 00:58:41,096 - INFO    - keyword:摩根士丹利
2023-04-27 00:58:41,097 - INFO    - keyword:大盘
2023-04-27 00:58:41,097 - INFO    - keyword:业务
2023-04-27 00:58:41,097 - INFO    - keyword:预期
2023-04-27 00:58:41,098 - INFO    - keyword:广告业务
2023-04-27 00:58:41,114 - INFO    - keyword:动视
2023-04-27 00:58:41,115 - INFO    - keyword:游戏
2023-04-27 00:58:41,115 - INFO    - keyword:竞争
2023-04-27 00:58:41,115 - INFO    - keyword:交易
2023-04-27 00:58:41,116 - INFO    - keyword:暴雪
2023-04-27 00:58:41,116 - INFO    - keyword:游戏机
2023-04-27 00:58:41,117 - INFO    - keyword:收购案
2023-04-27 00:58:41,117 - INFO    - keyword:英国
2023-04-27 00:58:41,117 - INFO    - keyword:领域
2023-04-27 00:58:41,118 - INFO    - keyword:法官
2023-04-27 00:58:41,123 - INFO    - keyword:泰克
2023-04-27 00:58:41,123 - INFO    - keyword:资源
2023-04-27 00:58:41,124 - INFO    - keyword:股东
2023-04-27 00:58:41,124 - INFO    - keyword:计划
2023-04-27 00:58:41,124 - INFO    - keyword:执行官
2023-04-27 00:58:41,125 - INFO    - keyword:投票
2023-04-27 00:58:41,125 - INFO    - keyword:途径
2023-04-27 00:58:41,125 - INFO    - keyword:首席
2023-04-27 00:58:41,125 - INFO    - keyword:董事会
2023-04-27 00:58:41,140 - INFO    - keyword:银行
2023-04-27 00:58:41,140 - INFO    - keyword:共和
2023-04-27 00:58:41,141 - INFO    - keyword:存款
2023-04-27 00:58:41,141 - INFO    - keyword:救助
2023-04-27 00:58:41,141 - INFO    - keyword:出售
2023-04-27 00:58:41,142 - INFO    - keyword:买家
2023-04-27 00:58:41,142 - INFO    - keyword:资产
2023-04-27 00:58:41,142 - INFO    - keyword:联邦
2023-04-27 00:58:41,142 - INFO    - keyword:保险公司
2023-04-27 00:58:41,143 - INFO    - keyword:银行业
2023-04-27 00:58:41,154 - INFO    - keyword:降息
2023-04-27 00:58:41,155 - INFO    - keyword:摩通
2023-04-27 00:58:41,155 - INFO    - keyword:年化率
2023-04-27 00:58:41,155 - INFO    - keyword:预计
2023-04-27 00:58:41,155 - INFO    - keyword:策略师
2023-04-27 00:58:41,156 - INFO    - keyword:地区性
2023-04-27 00:58:41,156 - INFO    - keyword:大通
2023-04-27 00:58:41,156 - INFO    - keyword:摩根
2023-04-27 00:58:41,157 - INFO    - keyword:经济
2023-04-27 00:58:41,179 - INFO    - keyword:作品
2023-04-27 00:58:41,179 - INFO    - keyword:版权局
2023-04-27 00:58:41,180 - INFO    - keyword:版权
2023-04-27 00:58:41,180 - INFO    - keyword:基金会
2023-04-27 00:58:41,180 - INFO    - keyword:创作
2023-04-27 00:58:41,180 - INFO    - keyword:版权保护
2023-04-27 00:58:41,181 - INFO    - keyword:艺术家
2023-04-27 00:58:41,181 - INFO    - keyword:图像
2023-04-27 00:58:41,181 - INFO    - keyword:人造
2023-04-27 00:58:41,184 - INFO    - keyword:美国
2023-04-27 00:58:41,184 - INFO    - keyword:财政
2023-04-27 00:58:41,185 - INFO    - keyword:可能性
2023-04-27 00:58:41,185 - INFO    - keyword:经济
2023-04-27 00:58:41,186 - INFO    - keyword:财政部长
2023-04-27 00:58:41,186 - INFO    - keyword:低利率
2023-04-27 00:58:41,186 - INFO    - keyword:悬崖
2023-04-27 00:58:41,187 - INFO    - keyword:尾声
2023-04-27 00:58:41,187 - INFO    - keyword:疫情
2023-04-27 00:58:41,189 - INFO    - 关键词获取完毕，数据写入路径 Recommend/data/keywords
